Assuming unrestricted shared filesystem usage.
Building DAG of jobs...
Using shell: /usr/bin/bash
Provided cores: 48
Rules claiming more threads will be scaled down.
Job stats:
job                           count
--------------------------  -------
all                               1
concat_samples                    1
data_integration                  1
domain_level_curve_fitting        2
gene_level_curve_fitting          2
total                             7

Select jobs to execute...
Execute 1 jobs...

[Wed Jun 12 20:00:26 2024]
localrule concat_samples:
    input: results/DIT_HAP_recal/12_FWHM_filtered_reads/HD1328-4-0.M.csv, results/DIT_HAP_recal/12_FWHM_filtered_reads/HD1328-7-1.M.csv, results/DIT_HAP_recal/12_FWHM_filtered_reads/HD1328-8-1.M.csv, results/DIT_HAP_recal/12_FWHM_filtered_reads/HD1328-4-0.A.csv, results/DIT_HAP_recal/12_FWHM_filtered_reads/HD1328-7-1.A.csv, results/DIT_HAP_recal/12_FWHM_filtered_reads/HD1328-8-1.A.csv, results/DIT_HAP_recal/12_FWHM_filtered_reads/HD1328-4-0.normalized.csv, results/DIT_HAP_recal/12_FWHM_filtered_reads/HD1328-7-1.normalized.csv, results/DIT_HAP_recal/12_FWHM_filtered_reads/HD1328-8-1.normalized.csv
    output: results/DIT_HAP_recal/13_concated_values/DIT_HAP_recal.normalized.csv, results/DIT_HAP_recal/13_concated_values/DIT_HAP_recal.M.csv, results/DIT_HAP_recal/13_concated_values/DIT_HAP_recal.A.csv, results/DIT_HAP_recal/13_concated_values/DIT_HAP_recal.Confidence_score.csv
    jobid: 4
    reason: Missing output files: results/DIT_HAP_recal/13_concated_values/DIT_HAP_recal.Confidence_score.csv, results/DIT_HAP_recal/13_concated_values/DIT_HAP_recal.M.csv, results/DIT_HAP_recal/13_concated_values/DIT_HAP_recal.normalized.csv
    resources: tmpdir=/tmp


        python workflow/scripts/depletion_curve_smoothing/concat_samples.py         -M results/DIT_HAP_recal/12_FWHM_filtered_reads/HD1328-4-0.M.csv results/DIT_HAP_recal/12_FWHM_filtered_reads/HD1328-7-1.M.csv results/DIT_HAP_recal/12_FWHM_filtered_reads/HD1328-8-1.M.csv         -A results/DIT_HAP_recal/12_FWHM_filtered_reads/HD1328-4-0.A.csv results/DIT_HAP_recal/12_FWHM_filtered_reads/HD1328-7-1.A.csv results/DIT_HAP_recal/12_FWHM_filtered_reads/HD1328-8-1.A.csv         -N results/DIT_HAP_recal/12_FWHM_filtered_reads/HD1328-4-0.normalized.csv results/DIT_HAP_recal/12_FWHM_filtered_reads/HD1328-7-1.normalized.csv results/DIT_HAP_recal/12_FWHM_filtered_reads/HD1328-8-1.normalized.csv         -uTP Diploid         -itp 0h         -oM results/DIT_HAP_recal/13_concated_values/DIT_HAP_recal.M.csv         -oA results/DIT_HAP_recal/13_concated_values/DIT_HAP_recal.A.csv         -oN results/DIT_HAP_recal/13_concated_values/DIT_HAP_recal.normalized.csv         -oCS results/DIT_HAP_recal/13_concated_values/DIT_HAP_recal.Confidence_score.csv
        
[Wed Jun 12 20:00:40 2024]
Finished job 4.
1 of 7 steps (14%) done
Select jobs to execute...
Execute 1 jobs...

[Wed Jun 12 20:00:40 2024]
localrule data_integration:
    input: results/DIT_HAP_recal/13_concated_values/DIT_HAP_recal.M.csv, results/DIT_HAP_recal/13_concated_values/DIT_HAP_recal.Confidence_score.csv, results/DIT_HAP_recal/13_concated_values/DIT_HAP_recal.normalized.csv, results/DIT_HAP_recal/9_annotated_insertions/DIT_HAP_recal.annotated.csv, config/samples_timepoints.csv, resources/UP000002485_284812_SCHPO_v4_and_vDulab_annotated_PAE_domain_based_on_pLDDT.tsv
    output: results/DIT_HAP_recal/14_integrated_values/DIT_HAP_recal.GMs.csv, results/DIT_HAP_recal/14_integrated_values/DIT_HAP_recal.annotated_with_domains.csv
    jobid: 3
    reason: Missing output files: results/DIT_HAP_recal/14_integrated_values/DIT_HAP_recal.GMs.csv, results/DIT_HAP_recal/14_integrated_values/DIT_HAP_recal.annotated_with_domains.csv; Input files updated by another job: results/DIT_HAP_recal/13_concated_values/DIT_HAP_recal.Confidence_score.csv, results/DIT_HAP_recal/13_concated_values/DIT_HAP_recal.normalized.csv, results/DIT_HAP_recal/13_concated_values/DIT_HAP_recal.M.csv
    resources: tmpdir=/tmp


        python workflow/scripts/depletion_curve_smoothing/data_integration.py             -M results/DIT_HAP_recal/13_concated_values/DIT_HAP_recal.M.csv             -CS results/DIT_HAP_recal/13_concated_values/DIT_HAP_recal.Confidence_score.csv             -n results/DIT_HAP_recal/13_concated_values/DIT_HAP_recal.normalized.csv             -g config/samples_timepoints.csv             -itp 0h             -anno results/DIT_HAP_recal/9_annotated_insertions/DIT_HAP_recal.annotated.csv             -d resources/UP000002485_284812_SCHPO_v4_and_vDulab_annotated_PAE_domain_based_on_pLDDT.tsv             -o results/DIT_HAP_recal/14_integrated_values/DIT_HAP_recal.GMs.csv             -ao results/DIT_HAP_recal/14_integrated_values/DIT_HAP_recal.annotated_with_domains.csv
        
[Wed Jun 12 20:03:40 2024]
Finished job 3.
2 of 7 steps (29%) done
Select jobs to execute...
Execute 2 jobs...

[Wed Jun 12 20:03:41 2024]
localrule domain_level_curve_fitting:
    input: results/DIT_HAP_recal/14_integrated_values/DIT_HAP_recal.annotated_with_domains.csv, results/DIT_HAP_recal/14_integrated_values/DIT_HAP_recal.GMs.csv
    output: results/DIT_HAP_recal/15_curve_fitting/DIT_HAP_recal.fitpoints5.predpoints5.LOWESS0.fatol5e-3.domain.csv
    jobid: 2
    reason: Missing output files: results/DIT_HAP_recal/15_curve_fitting/DIT_HAP_recal.fitpoints5.predpoints5.LOWESS0.fatol5e-3.domain.csv; Input files updated by another job: results/DIT_HAP_recal/14_integrated_values/DIT_HAP_recal.GMs.csv, results/DIT_HAP_recal/14_integrated_values/DIT_HAP_recal.annotated_with_domains.csv
    wildcards: fitting=points5, prediction=points5, LOWESS=0, fatol=5e-3
    threads: 8
    resources: tmpdir=/tmp


        python workflow/scripts/depletion_curve_smoothing/domain_level_curve_fitting.py             -C 8             -anno results/DIT_HAP_recal/14_integrated_values/DIT_HAP_recal.annotated_with_domains.csv             -GM results/DIT_HAP_recal/14_integrated_values/DIT_HAP_recal.GMs.csv             -o results/DIT_HAP_recal/15_curve_fitting/DIT_HAP_recal.fitpoints5.predpoints5.LOWESS0.fatol5e-3.domain.csv             -fatol 5e-3             --use-weighted-M 1             -f points5             -p points5             --use-LOWESS 0
        

[Wed Jun 12 20:03:41 2024]
localrule domain_level_curve_fitting:
    input: results/DIT_HAP_recal/14_integrated_values/DIT_HAP_recal.annotated_with_domains.csv, results/DIT_HAP_recal/14_integrated_values/DIT_HAP_recal.GMs.csv
    output: results/DIT_HAP_recal/15_curve_fitting/DIT_HAP_recal.fitpoints5.predpoints5.LOWESS1.fatol5e-3.domain.csv
    jobid: 65
    reason: Missing output files: results/DIT_HAP_recal/15_curve_fitting/DIT_HAP_recal.fitpoints5.predpoints5.LOWESS1.fatol5e-3.domain.csv; Input files updated by another job: results/DIT_HAP_recal/14_integrated_values/DIT_HAP_recal.GMs.csv, results/DIT_HAP_recal/14_integrated_values/DIT_HAP_recal.annotated_with_domains.csv
    wildcards: fitting=points5, prediction=points5, LOWESS=1, fatol=5e-3
    threads: 8
    resources: tmpdir=/tmp


        python workflow/scripts/depletion_curve_smoothing/domain_level_curve_fitting.py             -C 8             -anno results/DIT_HAP_recal/14_integrated_values/DIT_HAP_recal.annotated_with_domains.csv             -GM results/DIT_HAP_recal/14_integrated_values/DIT_HAP_recal.GMs.csv             -o results/DIT_HAP_recal/15_curve_fitting/DIT_HAP_recal.fitpoints5.predpoints5.LOWESS1.fatol5e-3.domain.csv             -fatol 5e-3             --use-weighted-M 1             -f points5             -p points5             --use-LOWESS 1
        
[Wed Jun 12 20:19:23 2024]
Finished job 2.
3 of 7 steps (43%) done
Select jobs to execute...
Execute 1 jobs...

[Wed Jun 12 20:19:23 2024]
localrule gene_level_curve_fitting:
    input: results/DIT_HAP_recal/14_integrated_values/DIT_HAP_recal.annotated_with_domains.csv, results/DIT_HAP_recal/14_integrated_values/DIT_HAP_recal.GMs.csv, results/DIT_HAP_recal/15_curve_fitting/DIT_HAP_recal.fitpoints5.predpoints5.LOWESS0.fatol5e-3.domain.csv
    output: results/DIT_HAP_recal/15_curve_fitting/DIT_HAP_recal.fitpoints5.predpoints5.LOWESS0.fatol5e-3.gene.csv
    jobid: 64
    reason: Missing output files: results/DIT_HAP_recal/15_curve_fitting/DIT_HAP_recal.fitpoints5.predpoints5.LOWESS0.fatol5e-3.gene.csv; Input files updated by another job: results/DIT_HAP_recal/15_curve_fitting/DIT_HAP_recal.fitpoints5.predpoints5.LOWESS0.fatol5e-3.domain.csv, results/DIT_HAP_recal/14_integrated_values/DIT_HAP_recal.GMs.csv, results/DIT_HAP_recal/14_integrated_values/DIT_HAP_recal.annotated_with_domains.csv
    wildcards: fitting=points5, prediction=points5, LOWESS=0, fatol=5e-3
    threads: 8
    resources: tmpdir=/tmp


        python workflow/scripts/depletion_curve_smoothing/gene_level_curve_fitting.py             -C 8             -anno results/DIT_HAP_recal/14_integrated_values/DIT_HAP_recal.annotated_with_domains.csv             -GM results/DIT_HAP_recal/14_integrated_values/DIT_HAP_recal.GMs.csv             -ddr results/DIT_HAP_recal/15_curve_fitting/DIT_HAP_recal.fitpoints5.predpoints5.LOWESS0.fatol5e-3.domain.csv             -o results/DIT_HAP_recal/15_curve_fitting/DIT_HAP_recal.fitpoints5.predpoints5.LOWESS0.fatol5e-3.gene.csv             -fatol 5e-3             --use-weighted-M 1             -f points5             -p points5             --use-LOWESS 0
        
[Wed Jun 12 20:21:33 2024]
Finished job 65.
4 of 7 steps (57%) done
Select jobs to execute...
Execute 1 jobs...

[Wed Jun 12 20:21:33 2024]
localrule gene_level_curve_fitting:
    input: results/DIT_HAP_recal/14_integrated_values/DIT_HAP_recal.annotated_with_domains.csv, results/DIT_HAP_recal/14_integrated_values/DIT_HAP_recal.GMs.csv, results/DIT_HAP_recal/15_curve_fitting/DIT_HAP_recal.fitpoints5.predpoints5.LOWESS1.fatol5e-3.domain.csv
    output: results/DIT_HAP_recal/15_curve_fitting/DIT_HAP_recal.fitpoints5.predpoints5.LOWESS1.fatol5e-3.gene.csv
    jobid: 66
    reason: Missing output files: results/DIT_HAP_recal/15_curve_fitting/DIT_HAP_recal.fitpoints5.predpoints5.LOWESS1.fatol5e-3.gene.csv; Input files updated by another job: results/DIT_HAP_recal/15_curve_fitting/DIT_HAP_recal.fitpoints5.predpoints5.LOWESS1.fatol5e-3.domain.csv, results/DIT_HAP_recal/14_integrated_values/DIT_HAP_recal.GMs.csv, results/DIT_HAP_recal/14_integrated_values/DIT_HAP_recal.annotated_with_domains.csv
    wildcards: fitting=points5, prediction=points5, LOWESS=1, fatol=5e-3
    threads: 8
    resources: tmpdir=/tmp


        python workflow/scripts/depletion_curve_smoothing/gene_level_curve_fitting.py             -C 8             -anno results/DIT_HAP_recal/14_integrated_values/DIT_HAP_recal.annotated_with_domains.csv             -GM results/DIT_HAP_recal/14_integrated_values/DIT_HAP_recal.GMs.csv             -ddr results/DIT_HAP_recal/15_curve_fitting/DIT_HAP_recal.fitpoints5.predpoints5.LOWESS1.fatol5e-3.domain.csv             -o results/DIT_HAP_recal/15_curve_fitting/DIT_HAP_recal.fitpoints5.predpoints5.LOWESS1.fatol5e-3.gene.csv             -fatol 5e-3             --use-weighted-M 1             -f points5             -p points5             --use-LOWESS 1
        
[Wed Jun 12 20:26:33 2024]
Finished job 64.
5 of 7 steps (71%) done
[Wed Jun 12 20:32:47 2024]
Finished job 66.
6 of 7 steps (86%) done
Select jobs to execute...
Execute 1 jobs...

[Wed Jun 12 20:32:47 2024]
localrule all:
    input: results/genome_intervals/nucletides_for_each_coding_region.bed, results/DIT_HAP_recal/15_curve_fitting/DIT_HAP_recal.fitpoints5.predpoints5.LOWESS0.fatol5e-3.domain.csv, results/DIT_HAP_recal/15_curve_fitting/DIT_HAP_recal.fitpoints5.predpoints5.LOWESS0.fatol5e-3.gene.csv, results/DIT_HAP_recal/15_curve_fitting/DIT_HAP_recal.fitpoints5.predpoints5.LOWESS1.fatol5e-3.domain.csv, results/DIT_HAP_recal/15_curve_fitting/DIT_HAP_recal.fitpoints5.predpoints5.LOWESS1.fatol5e-3.gene.csv
    jobid: 0
    reason: Input files updated by another job: results/DIT_HAP_recal/15_curve_fitting/DIT_HAP_recal.fitpoints5.predpoints5.LOWESS0.fatol5e-3.domain.csv, results/DIT_HAP_recal/15_curve_fitting/DIT_HAP_recal.fitpoints5.predpoints5.LOWESS1.fatol5e-3.domain.csv, results/DIT_HAP_recal/15_curve_fitting/DIT_HAP_recal.fitpoints5.predpoints5.LOWESS1.fatol5e-3.gene.csv, results/DIT_HAP_recal/15_curve_fitting/DIT_HAP_recal.fitpoints5.predpoints5.LOWESS0.fatol5e-3.gene.csv
    resources: tmpdir=/tmp

[Wed Jun 12 20:32:47 2024]
Finished job 0.
7 of 7 steps (100%) done
Complete log: .snakemake/log/2024-06-12T200023.322912.snakemake.log
