Assuming unrestricted shared filesystem usage.
Building DAG of jobs...
Using shell: /usr/bin/bash
Provided cores: 56
Rules claiming more threads will be scaled down.
Job stats:
job                            count
---------------------------  -------
FWHM_analysis_and_filtering        3
all                                1
concat_samples                     1
data_integration                   1
domain_level_curve_fitting         2
gene_level_curve_fitting           2
merge_annotation                   1
normalization                      1
total                             12

Select jobs to execute...
Execute 1 jobs...

[Fri Jun 14 22:28:21 2024]
localrule merge_annotation:
    input: results/DIT_HAP_renorm/9_annotated_insertions/HD1328-4-0.annotated.csv, results/DIT_HAP_renorm/9_annotated_insertions/HD1328-7-1.annotated.csv, results/DIT_HAP_renorm/9_annotated_insertions/HD1328-8-1.annotated.csv
    output: results/DIT_HAP_renorm/9_annotated_insertions/DIT_HAP_renorm.annotated.csv
    jobid: 52
    reason: Missing output files: results/DIT_HAP_renorm/9_annotated_insertions/DIT_HAP_renorm.annotated.csv; Updated input files: results/DIT_HAP_renorm/9_annotated_insertions/HD1328-4-0.annotated.csv, results/DIT_HAP_renorm/9_annotated_insertions/HD1328-7-1.annotated.csv, results/DIT_HAP_renorm/9_annotated_insertions/HD1328-8-1.annotated.csv
    resources: tmpdir=/tmp

[Fri Jun 14 22:28:27 2024]
Finished job 52.
1 of 12 steps (8%) done
Select jobs to execute...
Execute 1 jobs...

[Fri Jun 14 22:28:27 2024]
localcheckpoint normalization:
    input: results/DIT_HAP_renorm/10_reformatted_insertions/HD1328-4-0.csv, results/DIT_HAP_renorm/10_reformatted_insertions/HD1328-7-1.csv, results/DIT_HAP_renorm/10_reformatted_insertions/HD1328-8-1.csv, results/DIT_HAP_renorm/9_annotated_insertions/DIT_HAP_renorm.annotated.csv
    output: results/DIT_HAP_renorm/11_normalization
    jobid: 6
    reason: Input files updated by another job: results/DIT_HAP_renorm/9_annotated_insertions/DIT_HAP_renorm.annotated.csv
    resources: tmpdir=/tmp
DAG of jobs will be updated after completion.


        python workflow/scripts/annotating_and_normalizing/normalization_multi_in_multi_out.py         -i results/DIT_HAP_renorm/10_reformatted_insertions/HD1328-4-0.csv results/DIT_HAP_renorm/10_reformatted_insertions/HD1328-7-1.csv results/DIT_HAP_renorm/10_reformatted_insertions/HD1328-8-1.csv         -a results/DIT_HAP_renorm/9_annotated_insertions/DIT_HAP_renorm.annotated.csv         -t 0h         -o results/DIT_HAP_renorm/11_normalization
        
[Fri Jun 14 22:28:43 2024]
Finished job 6.
2 of 12 steps (17%) done
Select jobs to execute...
Execute 3 jobs...

[Fri Jun 14 22:28:43 2024]
localcheckpoint FWHM_analysis_and_filtering:
    input: results/DIT_HAP_renorm/11_normalization/normalized_values/HD1328-4-0.normalized.csv
    output: reports/FWHM_analysis_and_filtering/FWHM_report/HD1328-4-0.FWHM_report.csv, reports/FWHM_analysis_and_filtering/FWHM_plot/HD1328-4-0.FWHM_plot.pdf, reports/FWHM_analysis_and_filtering/MA_plot/HD1328-4-0.MA_plot.pdf, results/DIT_HAP_renorm/12_FWHM_filtered_reads/HD1328-4-0.normalized.csv, results/DIT_HAP_renorm/12_FWHM_filtered_reads/HD1328-4-0.M.csv, results/DIT_HAP_renorm/12_FWHM_filtered_reads/HD1328-4-0.A.csv
    jobid: 5
    reason: Missing output files: results/DIT_HAP_renorm/12_FWHM_filtered_reads/HD1328-4-0.M.csv, results/DIT_HAP_renorm/12_FWHM_filtered_reads/HD1328-4-0.A.csv, results/DIT_HAP_renorm/12_FWHM_filtered_reads/HD1328-4-0.normalized.csv; Updated input files: results/DIT_HAP_renorm/11_normalization/normalized_values/HD1328-4-0.normalized.csv
    wildcards: sample=HD1328-4-0
    resources: tmpdir=/tmp
DAG of jobs will be updated after completion.


        python workflow/scripts/annotating_and_normalizing/FWHM_analysis_and_filtering.py         -i results/DIT_HAP_renorm/11_normalization/normalized_values/HD1328-4-0.normalized.csv         -itp 0h         -or results/DIT_HAP_renorm/12_FWHM_filtered_reads/HD1328-4-0.normalized.csv         -om results/DIT_HAP_renorm/12_FWHM_filtered_reads/HD1328-4-0.M.csv         -oa results/DIT_HAP_renorm/12_FWHM_filtered_reads/HD1328-4-0.A.csv         -r reports/FWHM_analysis_and_filtering/FWHM_report/HD1328-4-0.FWHM_report.csv         -f reports/FWHM_analysis_and_filtering/FWHM_plot/HD1328-4-0.FWHM_plot.pdf         -ma reports/FWHM_analysis_and_filtering/MA_plot/HD1328-4-0.MA_plot.pdf
        

[Fri Jun 14 22:28:43 2024]
localcheckpoint FWHM_analysis_and_filtering:
    input: results/DIT_HAP_renorm/11_normalization/normalized_values/HD1328-7-1.normalized.csv
    output: reports/FWHM_analysis_and_filtering/FWHM_report/HD1328-7-1.FWHM_report.csv, reports/FWHM_analysis_and_filtering/FWHM_plot/HD1328-7-1.FWHM_plot.pdf, reports/FWHM_analysis_and_filtering/MA_plot/HD1328-7-1.MA_plot.pdf, results/DIT_HAP_renorm/12_FWHM_filtered_reads/HD1328-7-1.normalized.csv, results/DIT_HAP_renorm/12_FWHM_filtered_reads/HD1328-7-1.M.csv, results/DIT_HAP_renorm/12_FWHM_filtered_reads/HD1328-7-1.A.csv
    jobid: 62
    reason: Missing output files: results/DIT_HAP_renorm/12_FWHM_filtered_reads/HD1328-7-1.M.csv, results/DIT_HAP_renorm/12_FWHM_filtered_reads/HD1328-7-1.A.csv, results/DIT_HAP_renorm/12_FWHM_filtered_reads/HD1328-7-1.normalized.csv; Updated input files: results/DIT_HAP_renorm/11_normalization/normalized_values/HD1328-7-1.normalized.csv
    wildcards: sample=HD1328-7-1
    resources: tmpdir=/tmp
DAG of jobs will be updated after completion.


        python workflow/scripts/annotating_and_normalizing/FWHM_analysis_and_filtering.py         -i results/DIT_HAP_renorm/11_normalization/normalized_values/HD1328-7-1.normalized.csv         -itp 0h         -or results/DIT_HAP_renorm/12_FWHM_filtered_reads/HD1328-7-1.normalized.csv         -om results/DIT_HAP_renorm/12_FWHM_filtered_reads/HD1328-7-1.M.csv         -oa results/DIT_HAP_renorm/12_FWHM_filtered_reads/HD1328-7-1.A.csv         -r reports/FWHM_analysis_and_filtering/FWHM_report/HD1328-7-1.FWHM_report.csv         -f reports/FWHM_analysis_and_filtering/FWHM_plot/HD1328-7-1.FWHM_plot.pdf         -ma reports/FWHM_analysis_and_filtering/MA_plot/HD1328-7-1.MA_plot.pdf
        

[Fri Jun 14 22:28:43 2024]
localcheckpoint FWHM_analysis_and_filtering:
    input: results/DIT_HAP_renorm/11_normalization/normalized_values/HD1328-8-1.normalized.csv
    output: reports/FWHM_analysis_and_filtering/FWHM_report/HD1328-8-1.FWHM_report.csv, reports/FWHM_analysis_and_filtering/FWHM_plot/HD1328-8-1.FWHM_plot.pdf, reports/FWHM_analysis_and_filtering/MA_plot/HD1328-8-1.MA_plot.pdf, results/DIT_HAP_renorm/12_FWHM_filtered_reads/HD1328-8-1.normalized.csv, results/DIT_HAP_renorm/12_FWHM_filtered_reads/HD1328-8-1.M.csv, results/DIT_HAP_renorm/12_FWHM_filtered_reads/HD1328-8-1.A.csv
    jobid: 63
    reason: Missing output files: results/DIT_HAP_renorm/12_FWHM_filtered_reads/HD1328-8-1.A.csv, results/DIT_HAP_renorm/12_FWHM_filtered_reads/HD1328-8-1.normalized.csv, results/DIT_HAP_renorm/12_FWHM_filtered_reads/HD1328-8-1.M.csv; Updated input files: results/DIT_HAP_renorm/11_normalization/normalized_values/HD1328-8-1.normalized.csv
    wildcards: sample=HD1328-8-1
    resources: tmpdir=/tmp
DAG of jobs will be updated after completion.


        python workflow/scripts/annotating_and_normalizing/FWHM_analysis_and_filtering.py         -i results/DIT_HAP_renorm/11_normalization/normalized_values/HD1328-8-1.normalized.csv         -itp 0h         -or results/DIT_HAP_renorm/12_FWHM_filtered_reads/HD1328-8-1.normalized.csv         -om results/DIT_HAP_renorm/12_FWHM_filtered_reads/HD1328-8-1.M.csv         -oa results/DIT_HAP_renorm/12_FWHM_filtered_reads/HD1328-8-1.A.csv         -r reports/FWHM_analysis_and_filtering/FWHM_report/HD1328-8-1.FWHM_report.csv         -f reports/FWHM_analysis_and_filtering/FWHM_plot/HD1328-8-1.FWHM_plot.pdf         -ma reports/FWHM_analysis_and_filtering/MA_plot/HD1328-8-1.MA_plot.pdf
        
[Fri Jun 14 22:29:42 2024]
Finished job 62.
3 of 12 steps (25%) done
[Fri Jun 14 22:29:45 2024]
Finished job 63.
4 of 12 steps (33%) done
[Fri Jun 14 22:29:49 2024]
Finished job 5.
5 of 12 steps (42%) done
Select jobs to execute...
Execute 1 jobs...

[Fri Jun 14 22:29:49 2024]
localrule concat_samples:
    input: results/DIT_HAP_renorm/12_FWHM_filtered_reads/HD1328-4-0.M.csv, results/DIT_HAP_renorm/12_FWHM_filtered_reads/HD1328-7-1.M.csv, results/DIT_HAP_renorm/12_FWHM_filtered_reads/HD1328-8-1.M.csv, results/DIT_HAP_renorm/12_FWHM_filtered_reads/HD1328-4-0.A.csv, results/DIT_HAP_renorm/12_FWHM_filtered_reads/HD1328-7-1.A.csv, results/DIT_HAP_renorm/12_FWHM_filtered_reads/HD1328-8-1.A.csv, results/DIT_HAP_renorm/12_FWHM_filtered_reads/HD1328-4-0.normalized.csv, results/DIT_HAP_renorm/12_FWHM_filtered_reads/HD1328-7-1.normalized.csv, results/DIT_HAP_renorm/12_FWHM_filtered_reads/HD1328-8-1.normalized.csv
    output: results/DIT_HAP_renorm/13_concated_values/DIT_HAP_renorm.normalized.csv, results/DIT_HAP_renorm/13_concated_values/DIT_HAP_renorm.M.csv, results/DIT_HAP_renorm/13_concated_values/DIT_HAP_renorm.A.csv, results/DIT_HAP_renorm/13_concated_values/DIT_HAP_renorm.Confidence_score.csv
    jobid: 4
    reason: Missing output files: results/DIT_HAP_renorm/13_concated_values/DIT_HAP_renorm.M.csv, results/DIT_HAP_renorm/13_concated_values/DIT_HAP_renorm.normalized.csv, results/DIT_HAP_renorm/13_concated_values/DIT_HAP_renorm.Confidence_score.csv
    resources: tmpdir=/tmp


        python workflow/scripts/depletion_curve_smoothing/concat_samples.py         -M results/DIT_HAP_renorm/12_FWHM_filtered_reads/HD1328-4-0.M.csv results/DIT_HAP_renorm/12_FWHM_filtered_reads/HD1328-7-1.M.csv results/DIT_HAP_renorm/12_FWHM_filtered_reads/HD1328-8-1.M.csv         -A results/DIT_HAP_renorm/12_FWHM_filtered_reads/HD1328-4-0.A.csv results/DIT_HAP_renorm/12_FWHM_filtered_reads/HD1328-7-1.A.csv results/DIT_HAP_renorm/12_FWHM_filtered_reads/HD1328-8-1.A.csv         -N results/DIT_HAP_renorm/12_FWHM_filtered_reads/HD1328-4-0.normalized.csv results/DIT_HAP_renorm/12_FWHM_filtered_reads/HD1328-7-1.normalized.csv results/DIT_HAP_renorm/12_FWHM_filtered_reads/HD1328-8-1.normalized.csv         -uTP Diploid         -itp 0h         -oM results/DIT_HAP_renorm/13_concated_values/DIT_HAP_renorm.M.csv         -oA results/DIT_HAP_renorm/13_concated_values/DIT_HAP_renorm.A.csv         -oN results/DIT_HAP_renorm/13_concated_values/DIT_HAP_renorm.normalized.csv         -oCS results/DIT_HAP_renorm/13_concated_values/DIT_HAP_renorm.Confidence_score.csv
        
[Fri Jun 14 22:30:03 2024]
Finished job 4.
6 of 12 steps (50%) done
Select jobs to execute...
Execute 1 jobs...

[Fri Jun 14 22:30:03 2024]
localrule data_integration:
    input: results/DIT_HAP_renorm/13_concated_values/DIT_HAP_renorm.M.csv, results/DIT_HAP_renorm/13_concated_values/DIT_HAP_renorm.Confidence_score.csv, results/DIT_HAP_renorm/13_concated_values/DIT_HAP_renorm.normalized.csv, results/DIT_HAP_renorm/9_annotated_insertions/DIT_HAP_renorm.annotated.csv, config/samples_timepoints.csv, resources/UP000002485_284812_SCHPO_v4_and_vDulab_annotated_PAE_domain_based_on_pLDDT.tsv
    output: results/DIT_HAP_renorm/14_integrated_values/DIT_HAP_renorm.GMs.csv, results/DIT_HAP_renorm/14_integrated_values/DIT_HAP_renorm.annotated_with_domains.csv
    jobid: 3
    reason: Missing output files: results/DIT_HAP_renorm/14_integrated_values/DIT_HAP_renorm.GMs.csv, results/DIT_HAP_renorm/14_integrated_values/DIT_HAP_renorm.annotated_with_domains.csv; Input files updated by another job: results/DIT_HAP_renorm/9_annotated_insertions/DIT_HAP_renorm.annotated.csv, results/DIT_HAP_renorm/13_concated_values/DIT_HAP_renorm.Confidence_score.csv, results/DIT_HAP_renorm/13_concated_values/DIT_HAP_renorm.M.csv, results/DIT_HAP_renorm/13_concated_values/DIT_HAP_renorm.normalized.csv
    resources: tmpdir=/tmp


        python workflow/scripts/depletion_curve_smoothing/data_integration.py             -M results/DIT_HAP_renorm/13_concated_values/DIT_HAP_renorm.M.csv             -CS results/DIT_HAP_renorm/13_concated_values/DIT_HAP_renorm.Confidence_score.csv             -n results/DIT_HAP_renorm/13_concated_values/DIT_HAP_renorm.normalized.csv             -g config/samples_timepoints.csv             -itp 0h             -anno results/DIT_HAP_renorm/9_annotated_insertions/DIT_HAP_renorm.annotated.csv             -d resources/UP000002485_284812_SCHPO_v4_and_vDulab_annotated_PAE_domain_based_on_pLDDT.tsv             -o results/DIT_HAP_renorm/14_integrated_values/DIT_HAP_renorm.GMs.csv             -ao results/DIT_HAP_renorm/14_integrated_values/DIT_HAP_renorm.annotated_with_domains.csv
        
[Fri Jun 14 22:33:03 2024]
Finished job 3.
7 of 12 steps (58%) done
Select jobs to execute...
Execute 2 jobs...

[Fri Jun 14 22:33:03 2024]
localrule domain_level_curve_fitting:
    input: results/DIT_HAP_renorm/14_integrated_values/DIT_HAP_renorm.annotated_with_domains.csv, results/DIT_HAP_renorm/14_integrated_values/DIT_HAP_renorm.GMs.csv
    output: results/DIT_HAP_renorm/15_curve_fitting/DIT_HAP_renorm.fitpoints5.predpoints5.LOWESS0.fatol5e-3.domain.csv
    jobid: 2
    reason: Missing output files: results/DIT_HAP_renorm/15_curve_fitting/DIT_HAP_renorm.fitpoints5.predpoints5.LOWESS0.fatol5e-3.domain.csv; Input files updated by another job: results/DIT_HAP_renorm/14_integrated_values/DIT_HAP_renorm.GMs.csv, results/DIT_HAP_renorm/14_integrated_values/DIT_HAP_renorm.annotated_with_domains.csv
    wildcards: fitting=points5, prediction=points5, LOWESS=0, fatol=5e-3
    threads: 8
    resources: tmpdir=/tmp


        python workflow/scripts/depletion_curve_smoothing/domain_level_curve_fitting.py             -C 8             -anno results/DIT_HAP_renorm/14_integrated_values/DIT_HAP_renorm.annotated_with_domains.csv             -GM results/DIT_HAP_renorm/14_integrated_values/DIT_HAP_renorm.GMs.csv             -o results/DIT_HAP_renorm/15_curve_fitting/DIT_HAP_renorm.fitpoints5.predpoints5.LOWESS0.fatol5e-3.domain.csv             -fatol 5e-3             --use-weighted-M 1             -f points5             -p points5             --use-LOWESS 0
        

[Fri Jun 14 22:33:03 2024]
localrule domain_level_curve_fitting:
    input: results/DIT_HAP_renorm/14_integrated_values/DIT_HAP_renorm.annotated_with_domains.csv, results/DIT_HAP_renorm/14_integrated_values/DIT_HAP_renorm.GMs.csv
    output: results/DIT_HAP_renorm/15_curve_fitting/DIT_HAP_renorm.fitpoints5.predpoints5.LOWESS1.fatol5e-3.domain.csv
    jobid: 65
    reason: Missing output files: results/DIT_HAP_renorm/15_curve_fitting/DIT_HAP_renorm.fitpoints5.predpoints5.LOWESS1.fatol5e-3.domain.csv; Input files updated by another job: results/DIT_HAP_renorm/14_integrated_values/DIT_HAP_renorm.GMs.csv, results/DIT_HAP_renorm/14_integrated_values/DIT_HAP_renorm.annotated_with_domains.csv
    wildcards: fitting=points5, prediction=points5, LOWESS=1, fatol=5e-3
    threads: 8
    resources: tmpdir=/tmp


        python workflow/scripts/depletion_curve_smoothing/domain_level_curve_fitting.py             -C 8             -anno results/DIT_HAP_renorm/14_integrated_values/DIT_HAP_renorm.annotated_with_domains.csv             -GM results/DIT_HAP_renorm/14_integrated_values/DIT_HAP_renorm.GMs.csv             -o results/DIT_HAP_renorm/15_curve_fitting/DIT_HAP_renorm.fitpoints5.predpoints5.LOWESS1.fatol5e-3.domain.csv             -fatol 5e-3             --use-weighted-M 1             -f points5             -p points5             --use-LOWESS 1
        
[Fri Jun 14 22:48:39 2024]
Finished job 2.
8 of 12 steps (67%) done
Select jobs to execute...
Execute 1 jobs...

[Fri Jun 14 22:48:39 2024]
localrule gene_level_curve_fitting:
    input: results/DIT_HAP_renorm/14_integrated_values/DIT_HAP_renorm.annotated_with_domains.csv, results/DIT_HAP_renorm/14_integrated_values/DIT_HAP_renorm.GMs.csv, results/DIT_HAP_renorm/15_curve_fitting/DIT_HAP_renorm.fitpoints5.predpoints5.LOWESS0.fatol5e-3.domain.csv
    output: results/DIT_HAP_renorm/15_curve_fitting/DIT_HAP_renorm.fitpoints5.predpoints5.LOWESS0.fatol5e-3.gene.csv
    jobid: 64
    reason: Missing output files: results/DIT_HAP_renorm/15_curve_fitting/DIT_HAP_renorm.fitpoints5.predpoints5.LOWESS0.fatol5e-3.gene.csv; Input files updated by another job: results/DIT_HAP_renorm/14_integrated_values/DIT_HAP_renorm.GMs.csv, results/DIT_HAP_renorm/15_curve_fitting/DIT_HAP_renorm.fitpoints5.predpoints5.LOWESS0.fatol5e-3.domain.csv, results/DIT_HAP_renorm/14_integrated_values/DIT_HAP_renorm.annotated_with_domains.csv
    wildcards: fitting=points5, prediction=points5, LOWESS=0, fatol=5e-3
    threads: 8
    resources: tmpdir=/tmp


        python workflow/scripts/depletion_curve_smoothing/gene_level_curve_fitting.py             -C 8             -anno results/DIT_HAP_renorm/14_integrated_values/DIT_HAP_renorm.annotated_with_domains.csv             -GM results/DIT_HAP_renorm/14_integrated_values/DIT_HAP_renorm.GMs.csv             -ddr results/DIT_HAP_renorm/15_curve_fitting/DIT_HAP_renorm.fitpoints5.predpoints5.LOWESS0.fatol5e-3.domain.csv             -o results/DIT_HAP_renorm/15_curve_fitting/DIT_HAP_renorm.fitpoints5.predpoints5.LOWESS0.fatol5e-3.gene.csv             -fatol 5e-3             --use-weighted-M 1             -f points5             -p points5             --use-LOWESS 0
        
[Fri Jun 14 22:54:29 2024]
Finished job 64.
9 of 12 steps (75%) done
[Fri Jun 14 22:56:44 2024]
Finished job 65.
10 of 12 steps (83%) done
Select jobs to execute...
Execute 1 jobs...

[Fri Jun 14 22:56:44 2024]
localrule gene_level_curve_fitting:
    input: results/DIT_HAP_renorm/14_integrated_values/DIT_HAP_renorm.annotated_with_domains.csv, results/DIT_HAP_renorm/14_integrated_values/DIT_HAP_renorm.GMs.csv, results/DIT_HAP_renorm/15_curve_fitting/DIT_HAP_renorm.fitpoints5.predpoints5.LOWESS1.fatol5e-3.domain.csv
    output: results/DIT_HAP_renorm/15_curve_fitting/DIT_HAP_renorm.fitpoints5.predpoints5.LOWESS1.fatol5e-3.gene.csv
    jobid: 66
    reason: Missing output files: results/DIT_HAP_renorm/15_curve_fitting/DIT_HAP_renorm.fitpoints5.predpoints5.LOWESS1.fatol5e-3.gene.csv; Input files updated by another job: results/DIT_HAP_renorm/14_integrated_values/DIT_HAP_renorm.GMs.csv, results/DIT_HAP_renorm/14_integrated_values/DIT_HAP_renorm.annotated_with_domains.csv, results/DIT_HAP_renorm/15_curve_fitting/DIT_HAP_renorm.fitpoints5.predpoints5.LOWESS1.fatol5e-3.domain.csv
    wildcards: fitting=points5, prediction=points5, LOWESS=1, fatol=5e-3
    threads: 8
    resources: tmpdir=/tmp


        python workflow/scripts/depletion_curve_smoothing/gene_level_curve_fitting.py             -C 8             -anno results/DIT_HAP_renorm/14_integrated_values/DIT_HAP_renorm.annotated_with_domains.csv             -GM results/DIT_HAP_renorm/14_integrated_values/DIT_HAP_renorm.GMs.csv             -ddr results/DIT_HAP_renorm/15_curve_fitting/DIT_HAP_renorm.fitpoints5.predpoints5.LOWESS1.fatol5e-3.domain.csv             -o results/DIT_HAP_renorm/15_curve_fitting/DIT_HAP_renorm.fitpoints5.predpoints5.LOWESS1.fatol5e-3.gene.csv             -fatol 5e-3             --use-weighted-M 1             -f points5             -p points5             --use-LOWESS 1
        
[Fri Jun 14 23:05:34 2024]
Finished job 66.
11 of 12 steps (92%) done
Select jobs to execute...
Execute 1 jobs...

[Fri Jun 14 23:05:34 2024]
localrule all:
    input: results/genome_intervals/nucletides_for_each_coding_region.bed, results/DIT_HAP_renorm/15_curve_fitting/DIT_HAP_renorm.fitpoints5.predpoints5.LOWESS0.fatol5e-3.domain.csv, results/DIT_HAP_renorm/15_curve_fitting/DIT_HAP_renorm.fitpoints5.predpoints5.LOWESS0.fatol5e-3.gene.csv, results/DIT_HAP_renorm/15_curve_fitting/DIT_HAP_renorm.fitpoints5.predpoints5.LOWESS1.fatol5e-3.domain.csv, results/DIT_HAP_renorm/15_curve_fitting/DIT_HAP_renorm.fitpoints5.predpoints5.LOWESS1.fatol5e-3.gene.csv
    jobid: 0
    reason: Input files updated by another job: results/DIT_HAP_renorm/15_curve_fitting/DIT_HAP_renorm.fitpoints5.predpoints5.LOWESS1.fatol5e-3.gene.csv, results/DIT_HAP_renorm/15_curve_fitting/DIT_HAP_renorm.fitpoints5.predpoints5.LOWESS0.fatol5e-3.domain.csv, results/DIT_HAP_renorm/15_curve_fitting/DIT_HAP_renorm.fitpoints5.predpoints5.LOWESS1.fatol5e-3.domain.csv, results/DIT_HAP_renorm/15_curve_fitting/DIT_HAP_renorm.fitpoints5.predpoints5.LOWESS0.fatol5e-3.gene.csv
    resources: tmpdir=/tmp

[Fri Jun 14 23:05:34 2024]
Finished job 0.
12 of 12 steps (100%) done
Complete log: .snakemake/log/2024-06-14T222819.064093.snakemake.log
