Assuming unrestricted shared filesystem usage.
Building DAG of jobs...
Using shell: /usr/bin/bash
Provided cores: 32
Rules claiming more threads will be scaled down.
Job stats:
job                    count
-------------------  -------
all                        1
bwa_mem_mapping            6
concat_timepoints          1
dissect_PBL_PBR            3
extract_insertions         6
fastp_preprocessing        3
merge_insertions           3
samtools_filtering         6
total                     29

Select jobs to execute...
Execute 3 jobs...

[Mon Jun 17 11:07:45 2024]
localrule fastp_preprocessing:
    input: /hugedata/YushengYang/20240617_resequencing_YES456/01.RawData/reseqYYS1328-7-1-YES6_1.fq.gz
    output: results/DIT_HAP_reseq/1_trimmed/reseqYYS1328-7-1/reseqYYS1328-7-1-YES6.fq.gz, reports/DIT_HAP_reseq/fastp/reseqYYS1328-7-1/reseqYYS1328-7-1-YES6.fastp.html, reports/DIT_HAP_reseq/fastp/reseqYYS1328-7-1/reseqYYS1328-7-1-YES6.fastp.json
    log: logs/DIT_HAP_reseq/fastp/reseqYYS1328-7-1/reseqYYS1328-7-1-YES6.log
    jobid: 26
    reason: Missing output files: results/DIT_HAP_reseq/1_trimmed/reseqYYS1328-7-1/reseqYYS1328-7-1-YES6.fq.gz
    wildcards: sample=reseqYYS1328-7-1, timepoint=YES6
    threads: 8
    resources: tmpdir=/tmp


        fastp --adapter_sequence CTGTCTCTTATACACATCT               --disable_quality_filtering               --disable_length_filtering               --overrepresentation_analysis               -j reports/DIT_HAP_reseq/fastp/reseqYYS1328-7-1/reseqYYS1328-7-1-YES6.fastp.json               -h reports/DIT_HAP_reseq/fastp/reseqYYS1328-7-1/reseqYYS1328-7-1-YES6.fastp.html               --thread 8               --in1 /hugedata/YushengYang/20240617_resequencing_YES456/01.RawData/reseqYYS1328-7-1-YES6_1.fq.gz               -o results/DIT_HAP_reseq/1_trimmed/reseqYYS1328-7-1/reseqYYS1328-7-1-YES6.fq.gz > logs/DIT_HAP_reseq/fastp/reseqYYS1328-7-1/reseqYYS1328-7-1-YES6.log
        

[Mon Jun 17 11:07:46 2024]
localrule fastp_preprocessing:
    input: /hugedata/YushengYang/20240617_resequencing_YES456/01.RawData/reseqYYS1328-7-1-YES4_1.fq.gz
    output: results/DIT_HAP_reseq/1_trimmed/reseqYYS1328-7-1/reseqYYS1328-7-1-YES4.fq.gz, reports/DIT_HAP_reseq/fastp/reseqYYS1328-7-1/reseqYYS1328-7-1-YES4.fastp.html, reports/DIT_HAP_reseq/fastp/reseqYYS1328-7-1/reseqYYS1328-7-1-YES4.fastp.json
    log: logs/DIT_HAP_reseq/fastp/reseqYYS1328-7-1/reseqYYS1328-7-1-YES4.log
    jobid: 8
    reason: Missing output files: results/DIT_HAP_reseq/1_trimmed/reseqYYS1328-7-1/reseqYYS1328-7-1-YES4.fq.gz
    wildcards: sample=reseqYYS1328-7-1, timepoint=YES4
    threads: 8
    resources: tmpdir=/tmp


        fastp --adapter_sequence CTGTCTCTTATACACATCT               --disable_quality_filtering               --disable_length_filtering               --overrepresentation_analysis               -j reports/DIT_HAP_reseq/fastp/reseqYYS1328-7-1/reseqYYS1328-7-1-YES4.fastp.json               -h reports/DIT_HAP_reseq/fastp/reseqYYS1328-7-1/reseqYYS1328-7-1-YES4.fastp.html               --thread 8               --in1 /hugedata/YushengYang/20240617_resequencing_YES456/01.RawData/reseqYYS1328-7-1-YES4_1.fq.gz               -o results/DIT_HAP_reseq/1_trimmed/reseqYYS1328-7-1/reseqYYS1328-7-1-YES4.fq.gz > logs/DIT_HAP_reseq/fastp/reseqYYS1328-7-1/reseqYYS1328-7-1-YES4.log
        

[Mon Jun 17 11:07:46 2024]
localrule fastp_preprocessing:
    input: /hugedata/YushengYang/20240617_resequencing_YES456/01.RawData/reseqYYS1328-7-1-YES5_1.fq.gz
    output: results/DIT_HAP_reseq/1_trimmed/reseqYYS1328-7-1/reseqYYS1328-7-1-YES5.fq.gz, reports/DIT_HAP_reseq/fastp/reseqYYS1328-7-1/reseqYYS1328-7-1-YES5.fastp.html, reports/DIT_HAP_reseq/fastp/reseqYYS1328-7-1/reseqYYS1328-7-1-YES5.fastp.json
    log: logs/DIT_HAP_reseq/fastp/reseqYYS1328-7-1/reseqYYS1328-7-1-YES5.log
    jobid: 17
    reason: Missing output files: results/DIT_HAP_reseq/1_trimmed/reseqYYS1328-7-1/reseqYYS1328-7-1-YES5.fq.gz
    wildcards: sample=reseqYYS1328-7-1, timepoint=YES5
    threads: 8
    resources: tmpdir=/tmp


        fastp --adapter_sequence CTGTCTCTTATACACATCT               --disable_quality_filtering               --disable_length_filtering               --overrepresentation_analysis               -j reports/DIT_HAP_reseq/fastp/reseqYYS1328-7-1/reseqYYS1328-7-1-YES5.fastp.json               -h reports/DIT_HAP_reseq/fastp/reseqYYS1328-7-1/reseqYYS1328-7-1-YES5.fastp.html               --thread 8               --in1 /hugedata/YushengYang/20240617_resequencing_YES456/01.RawData/reseqYYS1328-7-1-YES5_1.fq.gz               -o results/DIT_HAP_reseq/1_trimmed/reseqYYS1328-7-1/reseqYYS1328-7-1-YES5.fq.gz > logs/DIT_HAP_reseq/fastp/reseqYYS1328-7-1/reseqYYS1328-7-1-YES5.log
        
Read1 before filtering:
total reads: 4162782
total bases: 624417300
Q20 bases: 608335247(97.4245%)
Q30 bases: 584409984(93.5929%)

Read1 after filtering:
total reads: 4162781
total bases: 568033198
Q20 bases: 561635666(98.8737%)
Q30 bases: 547540012(96.3923%)

Filtering result:
reads passed filter: 4162781
reads failed due to low quality: 0
reads failed due to too many N: 0
reads with adapter trimmed: 955158
bases trimmed due to adapters: 56384102

Duplication rate (may be overestimated since this is SE data): 65.7065%
Read1 before filtering:
total reads: 4397098
total bases: 659564700
Q20 bases: 643502377(97.5647%)
Q30 bases: 618680216(93.8013%)

Read1 after filtering:
total reads: 4397098
total bases: 601247816
Q20 bases: 594704221(98.9117%)
Q30 bases: 580285420(96.5135%)

Filtering result:
reads passed filter: 4397098
reads failed due to low quality: 0
reads failed due to too many N: 0
reads with adapter trimmed: 1039292
bases trimmed due to adapters: 58316884

Duplication rate (may be overestimated since this is SE data): 66.7814%

JSON report: reports/DIT_HAP_reseq/fastp/reseqYYS1328-7-1/reseqYYS1328-7-1-YES4.fastp.json
HTML report: reports/DIT_HAP_reseq/fastp/reseqYYS1328-7-1/reseqYYS1328-7-1-YES4.fastp.html

fastp --adapter_sequence CTGTCTCTTATACACATCT --disable_quality_filtering --disable_length_filtering --overrepresentation_analysis -j reports/DIT_HAP_reseq/fastp/reseqYYS1328-7-1/reseqYYS1328-7-1-YES4.fastp.json -h reports/DIT_HAP_reseq/fastp/reseqYYS1328-7-1/reseqYYS1328-7-1-YES4.fastp.html --thread 8 --in1 /hugedata/YushengYang/20240617_resequencing_YES456/01.RawData/reseqYYS1328-7-1-YES4_1.fq.gz -o results/DIT_HAP_reseq/1_trimmed/reseqYYS1328-7-1/reseqYYS1328-7-1-YES4.fq.gz 
fastp v0.23.4, time used: 21 seconds
[Mon Jun 17 11:08:07 2024]
Finished job 8.
1 of 29 steps (3%) done
Select jobs to execute...
Execute 1 jobs...

[Mon Jun 17 11:08:07 2024]
localrule dissect_PBL_PBR:
    input: results/DIT_HAP_reseq/1_trimmed/reseqYYS1328-7-1/reseqYYS1328-7-1-YES4.fq.gz
    output: results/DIT_HAP_reseq/2_dissected/reseqYYS1328-7-1/reseqYYS1328-7-1-YES4.PBL.fq.gz, results/DIT_HAP_reseq/2_dissected/reseqYYS1328-7-1/reseqYYS1328-7-1-YES4.PBR.fq.gz, reports/DIT_HAP_reseq/dissect_PBL_PBR/reseqYYS1328-7-1/reseqYYS1328-7-1-YES4_reads_summary.csv
    log: logs/DIT_HAP_reseq/dissect_PBL_PBR/reseqYYS1328-7-1/reseqYYS1328-7-1-YES4.log
    jobid: 7
    reason: Missing output files: results/DIT_HAP_reseq/2_dissected/reseqYYS1328-7-1/reseqYYS1328-7-1-YES4.PBR.fq.gz, results/DIT_HAP_reseq/2_dissected/reseqYYS1328-7-1/reseqYYS1328-7-1-YES4.PBL.fq.gz; Input files updated by another job: results/DIT_HAP_reseq/1_trimmed/reseqYYS1328-7-1/reseqYYS1328-7-1-YES4.fq.gz
    wildcards: sample=reseqYYS1328-7-1, timepoint=YES4
    resources: tmpdir=/tmp

python workflow/scripts/preprocessing/dissect_PBL_and_PBR.py -i results/DIT_HAP_reseq/1_trimmed/reseqYYS1328-7-1/reseqYYS1328-7-1-YES4.fq.gz -ol results/DIT_HAP_reseq/2_dissected/reseqYYS1328-7-1/reseqYYS1328-7-1-YES4.PBL.fq.gz -or results/DIT_HAP_reseq/2_dissected/reseqYYS1328-7-1/reseqYYS1328-7-1-YES4.PBR.fq.gz -s reports/DIT_HAP_reseq/dissect_PBL_PBR/reseqYYS1328-7-1/reseqYYS1328-7-1-YES4_reads_summary.csv > logs/DIT_HAP_reseq/dissect_PBL_PBR/reseqYYS1328-7-1/reseqYYS1328-7-1-YES4.log

JSON report: reports/DIT_HAP_reseq/fastp/reseqYYS1328-7-1/reseqYYS1328-7-1-YES5.fastp.json
HTML report: reports/DIT_HAP_reseq/fastp/reseqYYS1328-7-1/reseqYYS1328-7-1-YES5.fastp.html

fastp --adapter_sequence CTGTCTCTTATACACATCT --disable_quality_filtering --disable_length_filtering --overrepresentation_analysis -j reports/DIT_HAP_reseq/fastp/reseqYYS1328-7-1/reseqYYS1328-7-1-YES5.fastp.json -h reports/DIT_HAP_reseq/fastp/reseqYYS1328-7-1/reseqYYS1328-7-1-YES5.fastp.html --thread 8 --in1 /hugedata/YushengYang/20240617_resequencing_YES456/01.RawData/reseqYYS1328-7-1-YES5_1.fq.gz -o results/DIT_HAP_reseq/1_trimmed/reseqYYS1328-7-1/reseqYYS1328-7-1-YES5.fq.gz 
fastp v0.23.4, time used: 21 seconds
[Mon Jun 17 11:08:07 2024]
Finished job 17.
2 of 29 steps (7%) done
Select jobs to execute...
Execute 1 jobs...

[Mon Jun 17 11:08:07 2024]
localrule dissect_PBL_PBR:
    input: results/DIT_HAP_reseq/1_trimmed/reseqYYS1328-7-1/reseqYYS1328-7-1-YES5.fq.gz
    output: results/DIT_HAP_reseq/2_dissected/reseqYYS1328-7-1/reseqYYS1328-7-1-YES5.PBL.fq.gz, results/DIT_HAP_reseq/2_dissected/reseqYYS1328-7-1/reseqYYS1328-7-1-YES5.PBR.fq.gz, reports/DIT_HAP_reseq/dissect_PBL_PBR/reseqYYS1328-7-1/reseqYYS1328-7-1-YES5_reads_summary.csv
    log: logs/DIT_HAP_reseq/dissect_PBL_PBR/reseqYYS1328-7-1/reseqYYS1328-7-1-YES5.log
    jobid: 16
    reason: Missing output files: results/DIT_HAP_reseq/2_dissected/reseqYYS1328-7-1/reseqYYS1328-7-1-YES5.PBL.fq.gz, results/DIT_HAP_reseq/2_dissected/reseqYYS1328-7-1/reseqYYS1328-7-1-YES5.PBR.fq.gz; Input files updated by another job: results/DIT_HAP_reseq/1_trimmed/reseqYYS1328-7-1/reseqYYS1328-7-1-YES5.fq.gz
    wildcards: sample=reseqYYS1328-7-1, timepoint=YES5
    resources: tmpdir=/tmp

python workflow/scripts/preprocessing/dissect_PBL_and_PBR.py -i results/DIT_HAP_reseq/1_trimmed/reseqYYS1328-7-1/reseqYYS1328-7-1-YES5.fq.gz -ol results/DIT_HAP_reseq/2_dissected/reseqYYS1328-7-1/reseqYYS1328-7-1-YES5.PBL.fq.gz -or results/DIT_HAP_reseq/2_dissected/reseqYYS1328-7-1/reseqYYS1328-7-1-YES5.PBR.fq.gz -s reports/DIT_HAP_reseq/dissect_PBL_PBR/reseqYYS1328-7-1/reseqYYS1328-7-1-YES5_reads_summary.csv > logs/DIT_HAP_reseq/dissect_PBL_PBR/reseqYYS1328-7-1/reseqYYS1328-7-1-YES5.log
Read1 before filtering:
total reads: 6879676
total bases: 1031951400
Q20 bases: 1004398765(97.33%)
Q30 bases: 963711426(93.3873%)

Read1 after filtering:
total reads: 6879676
total bases: 926165609
Q20 bases: 914889359(98.7825%)
Q30 bases: 890588595(96.1587%)

Filtering result:
reads passed filter: 6879676
reads failed due to low quality: 0
reads failed due to too many N: 0
reads with adapter trimmed: 1960338
bases trimmed due to adapters: 105785791

Duplication rate (may be overestimated since this is SE data): 66.092%

JSON report: reports/DIT_HAP_reseq/fastp/reseqYYS1328-7-1/reseqYYS1328-7-1-YES6.fastp.json
HTML report: reports/DIT_HAP_reseq/fastp/reseqYYS1328-7-1/reseqYYS1328-7-1-YES6.fastp.html

fastp --adapter_sequence CTGTCTCTTATACACATCT --disable_quality_filtering --disable_length_filtering --overrepresentation_analysis -j reports/DIT_HAP_reseq/fastp/reseqYYS1328-7-1/reseqYYS1328-7-1-YES6.fastp.json -h reports/DIT_HAP_reseq/fastp/reseqYYS1328-7-1/reseqYYS1328-7-1-YES6.fastp.html --thread 8 --in1 /hugedata/YushengYang/20240617_resequencing_YES456/01.RawData/reseqYYS1328-7-1-YES6_1.fq.gz -o results/DIT_HAP_reseq/1_trimmed/reseqYYS1328-7-1/reseqYYS1328-7-1-YES6.fq.gz 
fastp v0.23.4, time used: 28 seconds
[Mon Jun 17 11:08:14 2024]
Finished job 26.
3 of 29 steps (10%) done
Select jobs to execute...
Execute 1 jobs...

[Mon Jun 17 11:08:14 2024]
localrule dissect_PBL_PBR:
    input: results/DIT_HAP_reseq/1_trimmed/reseqYYS1328-7-1/reseqYYS1328-7-1-YES6.fq.gz
    output: results/DIT_HAP_reseq/2_dissected/reseqYYS1328-7-1/reseqYYS1328-7-1-YES6.PBL.fq.gz, results/DIT_HAP_reseq/2_dissected/reseqYYS1328-7-1/reseqYYS1328-7-1-YES6.PBR.fq.gz, reports/DIT_HAP_reseq/dissect_PBL_PBR/reseqYYS1328-7-1/reseqYYS1328-7-1-YES6_reads_summary.csv
    log: logs/DIT_HAP_reseq/dissect_PBL_PBR/reseqYYS1328-7-1/reseqYYS1328-7-1-YES6.log
    jobid: 25
    reason: Missing output files: results/DIT_HAP_reseq/2_dissected/reseqYYS1328-7-1/reseqYYS1328-7-1-YES6.PBR.fq.gz, results/DIT_HAP_reseq/2_dissected/reseqYYS1328-7-1/reseqYYS1328-7-1-YES6.PBL.fq.gz; Input files updated by another job: results/DIT_HAP_reseq/1_trimmed/reseqYYS1328-7-1/reseqYYS1328-7-1-YES6.fq.gz
    wildcards: sample=reseqYYS1328-7-1, timepoint=YES6
    resources: tmpdir=/tmp

python workflow/scripts/preprocessing/dissect_PBL_and_PBR.py -i results/DIT_HAP_reseq/1_trimmed/reseqYYS1328-7-1/reseqYYS1328-7-1-YES6.fq.gz -ol results/DIT_HAP_reseq/2_dissected/reseqYYS1328-7-1/reseqYYS1328-7-1-YES6.PBL.fq.gz -or results/DIT_HAP_reseq/2_dissected/reseqYYS1328-7-1/reseqYYS1328-7-1-YES6.PBR.fq.gz -s reports/DIT_HAP_reseq/dissect_PBL_PBR/reseqYYS1328-7-1/reseqYYS1328-7-1-YES6_reads_summary.csv > logs/DIT_HAP_reseq/dissect_PBL_PBR/reseqYYS1328-7-1/reseqYYS1328-7-1-YES6.log
[Mon Jun 17 11:15:18 2024]
Finished job 16.
4 of 29 steps (14%) done
Select jobs to execute...
Execute 2 jobs...

[Mon Jun 17 11:15:18 2024]
localrule bwa_mem_mapping:
    input: resources/20230701/Schizosaccharomyces_pombe_all_chromosomes.fa, results/DIT_HAP_reseq/2_dissected/reseqYYS1328-7-1/reseqYYS1328-7-1-YES5.PBL.fq.gz
    output: results/DIT_HAP_reseq/3_mapped/reseqYYS1328-7-1/reseqYYS1328-7-1-YES5.PBL.sam
    log: logs/DIT_HAP_reseq/bwa_mem_mapping/reseqYYS1328-7-1/reseqYYS1328-7-1-YES5.PBL.log
    jobid: 15
    reason: Missing output files: results/DIT_HAP_reseq/3_mapped/reseqYYS1328-7-1/reseqYYS1328-7-1-YES5.PBL.sam; Input files updated by another job: results/DIT_HAP_reseq/2_dissected/reseqYYS1328-7-1/reseqYYS1328-7-1-YES5.PBL.fq.gz
    wildcards: sample=reseqYYS1328-7-1, timepoint=YES5, PBtype=PBL
    threads: 8
    resources: tmpdir=/tmp


        bwa mem -t 8 resources/20230701/Schizosaccharomyces_pombe_all_chromosomes.fa results/DIT_HAP_reseq/2_dissected/reseqYYS1328-7-1/reseqYYS1328-7-1-YES5.PBL.fq.gz         | samtools sort -@ 8 -O SAM -o results/DIT_HAP_reseq/3_mapped/reseqYYS1328-7-1/reseqYYS1328-7-1-YES5.PBL.sam - > logs/DIT_HAP_reseq/bwa_mem_mapping/reseqYYS1328-7-1/reseqYYS1328-7-1-YES5.PBL.log
        

[Mon Jun 17 11:15:18 2024]
localrule bwa_mem_mapping:
    input: resources/20230701/Schizosaccharomyces_pombe_all_chromosomes.fa, results/DIT_HAP_reseq/2_dissected/reseqYYS1328-7-1/reseqYYS1328-7-1-YES5.PBR.fq.gz
    output: results/DIT_HAP_reseq/3_mapped/reseqYYS1328-7-1/reseqYYS1328-7-1-YES5.PBR.sam
    log: logs/DIT_HAP_reseq/bwa_mem_mapping/reseqYYS1328-7-1/reseqYYS1328-7-1-YES5.PBR.log
    jobid: 20
    reason: Missing output files: results/DIT_HAP_reseq/3_mapped/reseqYYS1328-7-1/reseqYYS1328-7-1-YES5.PBR.sam; Input files updated by another job: results/DIT_HAP_reseq/2_dissected/reseqYYS1328-7-1/reseqYYS1328-7-1-YES5.PBR.fq.gz
    wildcards: sample=reseqYYS1328-7-1, timepoint=YES5, PBtype=PBR
    threads: 8
    resources: tmpdir=/tmp


        bwa mem -t 8 resources/20230701/Schizosaccharomyces_pombe_all_chromosomes.fa results/DIT_HAP_reseq/2_dissected/reseqYYS1328-7-1/reseqYYS1328-7-1-YES5.PBR.fq.gz         | samtools sort -@ 8 -O SAM -o results/DIT_HAP_reseq/3_mapped/reseqYYS1328-7-1/reseqYYS1328-7-1-YES5.PBR.sam - > logs/DIT_HAP_reseq/bwa_mem_mapping/reseqYYS1328-7-1/reseqYYS1328-7-1-YES5.PBR.log
        
[M::bwa_idx_load_from_disk] read 0 ALT contigs
[M::bwa_idx_load_from_disk] read 0 ALT contigs
[Mon Jun 17 11:15:19 2024]
Finished job 7.
5 of 29 steps (17%) done
Select jobs to execute...
Execute 1 jobs...

[Mon Jun 17 11:15:19 2024]
localrule bwa_mem_mapping:
    input: resources/20230701/Schizosaccharomyces_pombe_all_chromosomes.fa, results/DIT_HAP_reseq/2_dissected/reseqYYS1328-7-1/reseqYYS1328-7-1-YES4.PBL.fq.gz
    output: results/DIT_HAP_reseq/3_mapped/reseqYYS1328-7-1/reseqYYS1328-7-1-YES4.PBL.sam
    log: logs/DIT_HAP_reseq/bwa_mem_mapping/reseqYYS1328-7-1/reseqYYS1328-7-1-YES4.PBL.log
    jobid: 6
    reason: Missing output files: results/DIT_HAP_reseq/3_mapped/reseqYYS1328-7-1/reseqYYS1328-7-1-YES4.PBL.sam; Input files updated by another job: results/DIT_HAP_reseq/2_dissected/reseqYYS1328-7-1/reseqYYS1328-7-1-YES4.PBL.fq.gz
    wildcards: sample=reseqYYS1328-7-1, timepoint=YES4, PBtype=PBL
    threads: 8
    resources: tmpdir=/tmp


        bwa mem -t 8 resources/20230701/Schizosaccharomyces_pombe_all_chromosomes.fa results/DIT_HAP_reseq/2_dissected/reseqYYS1328-7-1/reseqYYS1328-7-1-YES4.PBL.fq.gz         | samtools sort -@ 8 -O SAM -o results/DIT_HAP_reseq/3_mapped/reseqYYS1328-7-1/reseqYYS1328-7-1-YES4.PBL.sam - > logs/DIT_HAP_reseq/bwa_mem_mapping/reseqYYS1328-7-1/reseqYYS1328-7-1-YES4.PBL.log
        
[M::bwa_idx_load_from_disk] read 0 ALT contigs
[M::process] read 837604 sequences (80000047 bp)...
[M::process] read 754660 sequences (80000087 bp)...
[M::process] read 58618 sequences (6227972 bp)...
[M::process] read 745248 sequences (80000116 bp)...
[M::process] read 835842 sequences (80000113 bp)...
[M::process] read 369144 sequences (39614078 bp)...
[M::mem_process_seqs] Processed 837604 reads in 34.971 CPU sec, 4.323 real sec
[M::mem_process_seqs] Processed 754660 reads in 34.216 CPU sec, 4.370 real sec
[M::mem_process_seqs] Processed 58618 reads in 3.685 CPU sec, 0.433 real sec
[main] Version: 0.7.17-r1188
[main] CMD: bwa mem -t 8 resources/20230701/Schizosaccharomyces_pombe_all_chromosomes.fa results/DIT_HAP_reseq/2_dissected/reseqYYS1328-7-1/reseqYYS1328-7-1-YES5.PBL.fq.gz
[main] Real time: 6.337 sec; CPU: 39.330 sec
[bam_sort_core] merging from 0 files and 8 in-memory blocks...
[M::mem_process_seqs] Processed 745248 reads in 35.084 CPU sec, 4.406 real sec
[M::process] read 837850 sequences (80000056 bp)...
[Mon Jun 17 11:15:26 2024]
Finished job 15.
6 of 29 steps (21%) done
Select jobs to execute...
Execute 1 jobs...

[Mon Jun 17 11:15:26 2024]
localrule samtools_filtering:
    input: results/DIT_HAP_reseq/3_mapped/reseqYYS1328-7-1/reseqYYS1328-7-1-YES5.PBL.sam
    output: results/DIT_HAP_reseq/4_filtered/reseqYYS1328-7-1/reseqYYS1328-7-1-YES5.PBL.unique.sam
    log: logs/DIT_HAP_reseq/samtools_filtering/reseqYYS1328-7-1/reseqYYS1328-7-1-YES5.PBL.log
    jobid: 14
    reason: Missing output files: results/DIT_HAP_reseq/4_filtered/reseqYYS1328-7-1/reseqYYS1328-7-1-YES5.PBL.unique.sam; Input files updated by another job: results/DIT_HAP_reseq/3_mapped/reseqYYS1328-7-1/reseqYYS1328-7-1-YES5.PBL.sam
    wildcards: sample=reseqYYS1328-7-1, timepoint=YES5, PBtype=PBL
    threads: 8
    resources: tmpdir=/tmp


        samtools view -@ 8 -h -q 1 -e "(flag==0||flag==16)&&([NM]&&[NM]<=3)&&(!(([XA])||([SA])))&&(ncigar==1)" results/DIT_HAP_reseq/3_mapped/reseqYYS1328-7-1/reseqYYS1328-7-1-YES5.PBL.sam > results/DIT_HAP_reseq/4_filtered/reseqYYS1328-7-1/reseqYYS1328-7-1-YES5.PBL.unique.sam 2> logs/DIT_HAP_reseq/samtools_filtering/reseqYYS1328-7-1/reseqYYS1328-7-1-YES5.PBL.log
        
[M::mem_process_seqs] Processed 369144 reads in 16.310 CPU sec, 2.025 real sec
[main] Version: 0.7.17-r1188
[main] CMD: bwa mem -t 8 resources/20230701/Schizosaccharomyces_pombe_all_chromosomes.fa results/DIT_HAP_reseq/2_dissected/reseqYYS1328-7-1/reseqYYS1328-7-1-YES4.PBL.fq.gz
[main] Real time: 7.922 sec; CPU: 52.881 sec
[bam_sort_core] merging from 0 files and 8 in-memory blocks...
[Mon Jun 17 11:15:28 2024]
Finished job 14.
7 of 29 steps (24%) done
Select jobs to execute...
Execute 1 jobs...

[Mon Jun 17 11:15:28 2024]
localrule bwa_mem_mapping:
    input: resources/20230701/Schizosaccharomyces_pombe_all_chromosomes.fa, results/DIT_HAP_reseq/2_dissected/reseqYYS1328-7-1/reseqYYS1328-7-1-YES4.PBR.fq.gz
    output: results/DIT_HAP_reseq/3_mapped/reseqYYS1328-7-1/reseqYYS1328-7-1-YES4.PBR.sam
    log: logs/DIT_HAP_reseq/bwa_mem_mapping/reseqYYS1328-7-1/reseqYYS1328-7-1-YES4.PBR.log
    jobid: 11
    reason: Missing output files: results/DIT_HAP_reseq/3_mapped/reseqYYS1328-7-1/reseqYYS1328-7-1-YES4.PBR.sam; Input files updated by another job: results/DIT_HAP_reseq/2_dissected/reseqYYS1328-7-1/reseqYYS1328-7-1-YES4.PBR.fq.gz
    wildcards: sample=reseqYYS1328-7-1, timepoint=YES4, PBtype=PBR
    threads: 8
    resources: tmpdir=/tmp


        bwa mem -t 8 resources/20230701/Schizosaccharomyces_pombe_all_chromosomes.fa results/DIT_HAP_reseq/2_dissected/reseqYYS1328-7-1/reseqYYS1328-7-1-YES4.PBR.fq.gz         | samtools sort -@ 8 -O SAM -o results/DIT_HAP_reseq/3_mapped/reseqYYS1328-7-1/reseqYYS1328-7-1-YES4.PBR.sam - > logs/DIT_HAP_reseq/bwa_mem_mapping/reseqYYS1328-7-1/reseqYYS1328-7-1-YES4.PBR.log
        
[M::mem_process_seqs] Processed 835842 reads in 33.828 CPU sec, 4.106 real sec
[M::bwa_idx_load_from_disk] read 0 ALT contigs
[Mon Jun 17 11:15:29 2024]
Finished job 6.
8 of 29 steps (28%) done
Select jobs to execute...
Execute 1 jobs...

[Mon Jun 17 11:15:29 2024]
localrule samtools_filtering:
    input: results/DIT_HAP_reseq/3_mapped/reseqYYS1328-7-1/reseqYYS1328-7-1-YES4.PBL.sam
    output: results/DIT_HAP_reseq/4_filtered/reseqYYS1328-7-1/reseqYYS1328-7-1-YES4.PBL.unique.sam
    log: logs/DIT_HAP_reseq/samtools_filtering/reseqYYS1328-7-1/reseqYYS1328-7-1-YES4.PBL.log
    jobid: 5
    reason: Missing output files: results/DIT_HAP_reseq/4_filtered/reseqYYS1328-7-1/reseqYYS1328-7-1-YES4.PBL.unique.sam; Input files updated by another job: results/DIT_HAP_reseq/3_mapped/reseqYYS1328-7-1/reseqYYS1328-7-1-YES4.PBL.sam
    wildcards: sample=reseqYYS1328-7-1, timepoint=YES4, PBtype=PBL
    threads: 8
    resources: tmpdir=/tmp


        samtools view -@ 8 -h -q 1 -e "(flag==0||flag==16)&&([NM]&&[NM]<=3)&&(!(([XA])||([SA])))&&(ncigar==1)" results/DIT_HAP_reseq/3_mapped/reseqYYS1328-7-1/reseqYYS1328-7-1-YES4.PBL.sam > results/DIT_HAP_reseq/4_filtered/reseqYYS1328-7-1/reseqYYS1328-7-1-YES4.PBL.unique.sam 2> logs/DIT_HAP_reseq/samtools_filtering/reseqYYS1328-7-1/reseqYYS1328-7-1-YES4.PBL.log
        
[M::process] read 836930 sequences (80000082 bp)...
[M::process] read 537982 sequences (51490249 bp)...
[M::process] read 834142 sequences (80000104 bp)...
[Mon Jun 17 11:15:31 2024]
Finished job 5.
9 of 29 steps (31%) done
Select jobs to execute...
Execute 1 jobs...

[Mon Jun 17 11:15:32 2024]
localrule extract_insertions:
    input: results/DIT_HAP_reseq/4_filtered/reseqYYS1328-7-1/reseqYYS1328-7-1-YES4.PBL.unique.sam
    output: results/DIT_HAP_reseq/5_insertions/reseqYYS1328-7-1/reseqYYS1328-7-1-YES4.PBL.bed
    log: logs/DIT_HAP_reseq/extract_insertions/reseqYYS1328-7-1/reseqYYS1328-7-1-YES4.PBL.log
    jobid: 4
    reason: Missing output files: results/DIT_HAP_reseq/5_insertions/reseqYYS1328-7-1/reseqYYS1328-7-1-YES4.PBL.bed; Input files updated by another job: results/DIT_HAP_reseq/4_filtered/reseqYYS1328-7-1/reseqYYS1328-7-1-YES4.PBL.unique.sam
    wildcards: sample=reseqYYS1328-7-1, timepoint=YES4, PBtype=PBL
    threads: 8
    resources: tmpdir=/tmp


        python workflow/scripts/preprocessing/extract_insertions.py -i results/DIT_HAP_reseq/4_filtered/reseqYYS1328-7-1/reseqYYS1328-7-1-YES4.PBL.unique.sam -o results/DIT_HAP_reseq/5_insertions/reseqYYS1328-7-1/reseqYYS1328-7-1-YES4.PBL.bed -n 8 > logs/DIT_HAP_reseq/extract_insertions/reseqYYS1328-7-1/reseqYYS1328-7-1-YES4.PBL.log
        
[M::mem_process_seqs] Processed 837850 reads in 32.416 CPU sec, 4.042 real sec
[M::mem_process_seqs] Processed 836930 reads in 32.570 CPU sec, 3.975 real sec
[M::mem_process_seqs] Processed 537982 reads in 20.379 CPU sec, 2.482 real sec
[main] Version: 0.7.17-r1188
[main] CMD: bwa mem -t 8 resources/20230701/Schizosaccharomyces_pombe_all_chromosomes.fa results/DIT_HAP_reseq/2_dissected/reseqYYS1328-7-1/reseqYYS1328-7-1-YES5.PBR.fq.gz
[main] Real time: 16.668 sec; CPU: 123.204 sec
[bam_sort_core] merging from 0 files and 8 in-memory blocks...
[M::process] read 835358 sequences (80000148 bp)...
[M::mem_process_seqs] Processed 834142 reads in 31.574 CPU sec, 3.802 real sec
[M::process] read 20509 sequences (1992447 bp)...
[Mon Jun 17 11:15:39 2024]
Finished job 20.
10 of 29 steps (34%) done
Select jobs to execute...
Execute 1 jobs...

[Mon Jun 17 11:15:39 2024]
localrule extract_insertions:
    input: results/DIT_HAP_reseq/4_filtered/reseqYYS1328-7-1/reseqYYS1328-7-1-YES5.PBL.unique.sam
    output: results/DIT_HAP_reseq/5_insertions/reseqYYS1328-7-1/reseqYYS1328-7-1-YES5.PBL.bed
    log: logs/DIT_HAP_reseq/extract_insertions/reseqYYS1328-7-1/reseqYYS1328-7-1-YES5.PBL.log
    jobid: 13
    reason: Missing output files: results/DIT_HAP_reseq/5_insertions/reseqYYS1328-7-1/reseqYYS1328-7-1-YES5.PBL.bed; Input files updated by another job: results/DIT_HAP_reseq/4_filtered/reseqYYS1328-7-1/reseqYYS1328-7-1-YES5.PBL.unique.sam
    wildcards: sample=reseqYYS1328-7-1, timepoint=YES5, PBtype=PBL
    threads: 8
    resources: tmpdir=/tmp


        python workflow/scripts/preprocessing/extract_insertions.py -i results/DIT_HAP_reseq/4_filtered/reseqYYS1328-7-1/reseqYYS1328-7-1-YES5.PBL.unique.sam -o results/DIT_HAP_reseq/5_insertions/reseqYYS1328-7-1/reseqYYS1328-7-1-YES5.PBL.bed -n 8 > logs/DIT_HAP_reseq/extract_insertions/reseqYYS1328-7-1/reseqYYS1328-7-1-YES5.PBL.log
        
[M::mem_process_seqs] Processed 835358 reads in 31.002 CPU sec, 3.862 real sec
[M::mem_process_seqs] Processed 20509 reads in 0.917 CPU sec, 0.105 real sec
[main] Version: 0.7.17-r1188
[main] CMD: bwa mem -t 8 resources/20230701/Schizosaccharomyces_pombe_all_chromosomes.fa results/DIT_HAP_reseq/2_dissected/reseqYYS1328-7-1/reseqYYS1328-7-1-YES4.PBR.fq.gz
[main] Real time: 13.542 sec; CPU: 97.859 sec
[bam_sort_core] merging from 0 files and 8 in-memory blocks...
[Mon Jun 17 11:15:45 2024]
Finished job 4.
11 of 29 steps (38%) done
Select jobs to execute...
Execute 1 jobs...

[Mon Jun 17 11:15:45 2024]
localrule samtools_filtering:
    input: results/DIT_HAP_reseq/3_mapped/reseqYYS1328-7-1/reseqYYS1328-7-1-YES5.PBR.sam
    output: results/DIT_HAP_reseq/4_filtered/reseqYYS1328-7-1/reseqYYS1328-7-1-YES5.PBR.unique.sam
    log: logs/DIT_HAP_reseq/samtools_filtering/reseqYYS1328-7-1/reseqYYS1328-7-1-YES5.PBR.log
    jobid: 19
    reason: Missing output files: results/DIT_HAP_reseq/4_filtered/reseqYYS1328-7-1/reseqYYS1328-7-1-YES5.PBR.unique.sam; Input files updated by another job: results/DIT_HAP_reseq/3_mapped/reseqYYS1328-7-1/reseqYYS1328-7-1-YES5.PBR.sam
    wildcards: sample=reseqYYS1328-7-1, timepoint=YES5, PBtype=PBR
    threads: 8
    resources: tmpdir=/tmp


        samtools view -@ 8 -h -q 1 -e "(flag==0||flag==16)&&([NM]&&[NM]<=3)&&(!(([XA])||([SA])))&&(ncigar==1)" results/DIT_HAP_reseq/3_mapped/reseqYYS1328-7-1/reseqYYS1328-7-1-YES5.PBR.sam > results/DIT_HAP_reseq/4_filtered/reseqYYS1328-7-1/reseqYYS1328-7-1-YES5.PBR.unique.sam 2> logs/DIT_HAP_reseq/samtools_filtering/reseqYYS1328-7-1/reseqYYS1328-7-1-YES5.PBR.log
        
[Mon Jun 17 11:15:46 2024]
Finished job 11.
12 of 29 steps (41%) done
Select jobs to execute...
Execute 1 jobs...

[Mon Jun 17 11:15:46 2024]
localrule samtools_filtering:
    input: results/DIT_HAP_reseq/3_mapped/reseqYYS1328-7-1/reseqYYS1328-7-1-YES4.PBR.sam
    output: results/DIT_HAP_reseq/4_filtered/reseqYYS1328-7-1/reseqYYS1328-7-1-YES4.PBR.unique.sam
    log: logs/DIT_HAP_reseq/samtools_filtering/reseqYYS1328-7-1/reseqYYS1328-7-1-YES4.PBR.log
    jobid: 10
    reason: Missing output files: results/DIT_HAP_reseq/4_filtered/reseqYYS1328-7-1/reseqYYS1328-7-1-YES4.PBR.unique.sam; Input files updated by another job: results/DIT_HAP_reseq/3_mapped/reseqYYS1328-7-1/reseqYYS1328-7-1-YES4.PBR.sam
    wildcards: sample=reseqYYS1328-7-1, timepoint=YES4, PBtype=PBR
    threads: 8
    resources: tmpdir=/tmp


        samtools view -@ 8 -h -q 1 -e "(flag==0||flag==16)&&([NM]&&[NM]<=3)&&(!(([XA])||([SA])))&&(ncigar==1)" results/DIT_HAP_reseq/3_mapped/reseqYYS1328-7-1/reseqYYS1328-7-1-YES4.PBR.sam > results/DIT_HAP_reseq/4_filtered/reseqYYS1328-7-1/reseqYYS1328-7-1-YES4.PBR.unique.sam 2> logs/DIT_HAP_reseq/samtools_filtering/reseqYYS1328-7-1/reseqYYS1328-7-1-YES4.PBR.log
        
[Mon Jun 17 11:15:48 2024]
Finished job 13.
13 of 29 steps (45%) done
[Mon Jun 17 11:15:51 2024]
Finished job 10.
14 of 29 steps (48%) done
Select jobs to execute...
Execute 1 jobs...

[Mon Jun 17 11:15:51 2024]
localrule extract_insertions:
    input: results/DIT_HAP_reseq/4_filtered/reseqYYS1328-7-1/reseqYYS1328-7-1-YES4.PBR.unique.sam
    output: results/DIT_HAP_reseq/5_insertions/reseqYYS1328-7-1/reseqYYS1328-7-1-YES4.PBR.bed
    log: logs/DIT_HAP_reseq/extract_insertions/reseqYYS1328-7-1/reseqYYS1328-7-1-YES4.PBR.log
    jobid: 9
    reason: Missing output files: results/DIT_HAP_reseq/5_insertions/reseqYYS1328-7-1/reseqYYS1328-7-1-YES4.PBR.bed; Input files updated by another job: results/DIT_HAP_reseq/4_filtered/reseqYYS1328-7-1/reseqYYS1328-7-1-YES4.PBR.unique.sam
    wildcards: sample=reseqYYS1328-7-1, timepoint=YES4, PBtype=PBR
    threads: 8
    resources: tmpdir=/tmp


        python workflow/scripts/preprocessing/extract_insertions.py -i results/DIT_HAP_reseq/4_filtered/reseqYYS1328-7-1/reseqYYS1328-7-1-YES4.PBR.unique.sam -o results/DIT_HAP_reseq/5_insertions/reseqYYS1328-7-1/reseqYYS1328-7-1-YES4.PBR.bed -n 8 > logs/DIT_HAP_reseq/extract_insertions/reseqYYS1328-7-1/reseqYYS1328-7-1-YES4.PBR.log
        
[Mon Jun 17 11:15:52 2024]
Finished job 19.
15 of 29 steps (52%) done
Select jobs to execute...
Execute 1 jobs...

[Mon Jun 17 11:15:52 2024]
localrule extract_insertions:
    input: results/DIT_HAP_reseq/4_filtered/reseqYYS1328-7-1/reseqYYS1328-7-1-YES5.PBR.unique.sam
    output: results/DIT_HAP_reseq/5_insertions/reseqYYS1328-7-1/reseqYYS1328-7-1-YES5.PBR.bed
    log: logs/DIT_HAP_reseq/extract_insertions/reseqYYS1328-7-1/reseqYYS1328-7-1-YES5.PBR.log
    jobid: 18
    reason: Missing output files: results/DIT_HAP_reseq/5_insertions/reseqYYS1328-7-1/reseqYYS1328-7-1-YES5.PBR.bed; Input files updated by another job: results/DIT_HAP_reseq/4_filtered/reseqYYS1328-7-1/reseqYYS1328-7-1-YES5.PBR.unique.sam
    wildcards: sample=reseqYYS1328-7-1, timepoint=YES5, PBtype=PBR
    threads: 8
    resources: tmpdir=/tmp


        python workflow/scripts/preprocessing/extract_insertions.py -i results/DIT_HAP_reseq/4_filtered/reseqYYS1328-7-1/reseqYYS1328-7-1-YES5.PBR.unique.sam -o results/DIT_HAP_reseq/5_insertions/reseqYYS1328-7-1/reseqYYS1328-7-1-YES5.PBR.bed -n 8 > logs/DIT_HAP_reseq/extract_insertions/reseqYYS1328-7-1/reseqYYS1328-7-1-YES5.PBR.log
        
[Mon Jun 17 11:16:17 2024]
Finished job 9.
16 of 29 steps (55%) done
Select jobs to execute...
Execute 1 jobs...

[Mon Jun 17 11:16:17 2024]
localrule merge_insertions:
    input: results/DIT_HAP_reseq/5_insertions/reseqYYS1328-7-1/reseqYYS1328-7-1-YES4.PBL.bed, results/DIT_HAP_reseq/5_insertions/reseqYYS1328-7-1/reseqYYS1328-7-1-YES4.PBR.bed
    output: results/DIT_HAP_reseq/6_merged/reseqYYS1328-7-1/reseqYYS1328-7-1-YES4.bed
    log: logs/DIT_HAP_reseq/merge_insertions/reseqYYS1328-7-1/reseqYYS1328-7-1-YES4.log
    jobid: 3
    reason: Missing output files: results/DIT_HAP_reseq/6_merged/reseqYYS1328-7-1/reseqYYS1328-7-1-YES4.bed; Input files updated by another job: results/DIT_HAP_reseq/5_insertions/reseqYYS1328-7-1/reseqYYS1328-7-1-YES4.PBL.bed, results/DIT_HAP_reseq/5_insertions/reseqYYS1328-7-1/reseqYYS1328-7-1-YES4.PBR.bed
    wildcards: sample=reseqYYS1328-7-1, timepoint=YES4
    resources: tmpdir=/tmp


        python workflow/scripts/preprocessing/merge_insertions.py             -il results/DIT_HAP_reseq/5_insertions/reseqYYS1328-7-1/reseqYYS1328-7-1-YES4.PBL.bed             -ir results/DIT_HAP_reseq/5_insertions/reseqYYS1328-7-1/reseqYYS1328-7-1-YES4.PBR.bed             -o results/DIT_HAP_reseq/6_merged/reseqYYS1328-7-1/reseqYYS1328-7-1-YES4.bed > logs/DIT_HAP_reseq/merge_insertions/reseqYYS1328-7-1/reseqYYS1328-7-1-YES4.log
        
[Mon Jun 17 11:16:18 2024]
Finished job 3.
17 of 29 steps (59%) done
[Mon Jun 17 11:16:25 2024]
Finished job 18.
18 of 29 steps (62%) done
Select jobs to execute...
Execute 1 jobs...

[Mon Jun 17 11:16:25 2024]
localrule merge_insertions:
    input: results/DIT_HAP_reseq/5_insertions/reseqYYS1328-7-1/reseqYYS1328-7-1-YES5.PBL.bed, results/DIT_HAP_reseq/5_insertions/reseqYYS1328-7-1/reseqYYS1328-7-1-YES5.PBR.bed
    output: results/DIT_HAP_reseq/6_merged/reseqYYS1328-7-1/reseqYYS1328-7-1-YES5.bed
    log: logs/DIT_HAP_reseq/merge_insertions/reseqYYS1328-7-1/reseqYYS1328-7-1-YES5.log
    jobid: 12
    reason: Missing output files: results/DIT_HAP_reseq/6_merged/reseqYYS1328-7-1/reseqYYS1328-7-1-YES5.bed; Input files updated by another job: results/DIT_HAP_reseq/5_insertions/reseqYYS1328-7-1/reseqYYS1328-7-1-YES5.PBR.bed, results/DIT_HAP_reseq/5_insertions/reseqYYS1328-7-1/reseqYYS1328-7-1-YES5.PBL.bed
    wildcards: sample=reseqYYS1328-7-1, timepoint=YES5
    resources: tmpdir=/tmp


        python workflow/scripts/preprocessing/merge_insertions.py             -il results/DIT_HAP_reseq/5_insertions/reseqYYS1328-7-1/reseqYYS1328-7-1-YES5.PBL.bed             -ir results/DIT_HAP_reseq/5_insertions/reseqYYS1328-7-1/reseqYYS1328-7-1-YES5.PBR.bed             -o results/DIT_HAP_reseq/6_merged/reseqYYS1328-7-1/reseqYYS1328-7-1-YES5.bed > logs/DIT_HAP_reseq/merge_insertions/reseqYYS1328-7-1/reseqYYS1328-7-1-YES5.log
        
[Mon Jun 17 11:16:25 2024]
Finished job 12.
19 of 29 steps (66%) done
[Mon Jun 17 11:19:48 2024]
Finished job 25.
20 of 29 steps (69%) done
Select jobs to execute...
Execute 2 jobs...

[Mon Jun 17 11:19:48 2024]
localrule bwa_mem_mapping:
    input: resources/20230701/Schizosaccharomyces_pombe_all_chromosomes.fa, results/DIT_HAP_reseq/2_dissected/reseqYYS1328-7-1/reseqYYS1328-7-1-YES6.PBL.fq.gz
    output: results/DIT_HAP_reseq/3_mapped/reseqYYS1328-7-1/reseqYYS1328-7-1-YES6.PBL.sam
    log: logs/DIT_HAP_reseq/bwa_mem_mapping/reseqYYS1328-7-1/reseqYYS1328-7-1-YES6.PBL.log
    jobid: 24
    reason: Missing output files: results/DIT_HAP_reseq/3_mapped/reseqYYS1328-7-1/reseqYYS1328-7-1-YES6.PBL.sam; Input files updated by another job: results/DIT_HAP_reseq/2_dissected/reseqYYS1328-7-1/reseqYYS1328-7-1-YES6.PBL.fq.gz
    wildcards: sample=reseqYYS1328-7-1, timepoint=YES6, PBtype=PBL
    threads: 8
    resources: tmpdir=/tmp


        bwa mem -t 8 resources/20230701/Schizosaccharomyces_pombe_all_chromosomes.fa results/DIT_HAP_reseq/2_dissected/reseqYYS1328-7-1/reseqYYS1328-7-1-YES6.PBL.fq.gz         | samtools sort -@ 8 -O SAM -o results/DIT_HAP_reseq/3_mapped/reseqYYS1328-7-1/reseqYYS1328-7-1-YES6.PBL.sam - > logs/DIT_HAP_reseq/bwa_mem_mapping/reseqYYS1328-7-1/reseqYYS1328-7-1-YES6.PBL.log
        

[Mon Jun 17 11:19:48 2024]
localrule bwa_mem_mapping:
    input: resources/20230701/Schizosaccharomyces_pombe_all_chromosomes.fa, results/DIT_HAP_reseq/2_dissected/reseqYYS1328-7-1/reseqYYS1328-7-1-YES6.PBR.fq.gz
    output: results/DIT_HAP_reseq/3_mapped/reseqYYS1328-7-1/reseqYYS1328-7-1-YES6.PBR.sam
    log: logs/DIT_HAP_reseq/bwa_mem_mapping/reseqYYS1328-7-1/reseqYYS1328-7-1-YES6.PBR.log
    jobid: 29
    reason: Missing output files: results/DIT_HAP_reseq/3_mapped/reseqYYS1328-7-1/reseqYYS1328-7-1-YES6.PBR.sam; Input files updated by another job: results/DIT_HAP_reseq/2_dissected/reseqYYS1328-7-1/reseqYYS1328-7-1-YES6.PBR.fq.gz
    wildcards: sample=reseqYYS1328-7-1, timepoint=YES6, PBtype=PBR
    threads: 8
    resources: tmpdir=/tmp


        bwa mem -t 8 resources/20230701/Schizosaccharomyces_pombe_all_chromosomes.fa results/DIT_HAP_reseq/2_dissected/reseqYYS1328-7-1/reseqYYS1328-7-1-YES6.PBR.fq.gz         | samtools sort -@ 8 -O SAM -o results/DIT_HAP_reseq/3_mapped/reseqYYS1328-7-1/reseqYYS1328-7-1-YES6.PBR.sam - > logs/DIT_HAP_reseq/bwa_mem_mapping/reseqYYS1328-7-1/reseqYYS1328-7-1-YES6.PBR.log
        
[M::bwa_idx_load_from_disk] read 0 ALT contigs
[M::bwa_idx_load_from_disk] read 0 ALT contigs
[M::process] read 758996 sequences (80000119 bp)...
[M::process] read 857310 sequences (80000085 bp)...
[M::process] read 760498 sequences (80000157 bp)...
[M::process] read 855858 sequences (80000167 bp)...
[M::mem_process_seqs] Processed 758996 reads in 30.825 CPU sec, 3.771 real sec
[M::mem_process_seqs] Processed 857310 reads in 31.844 CPU sec, 3.902 real sec
[M::process] read 305544 sequences (32070725 bp)...
[M::process] read 855874 sequences (80000156 bp)...
[M::mem_process_seqs] Processed 760498 reads in 31.579 CPU sec, 3.937 real sec
[M::mem_process_seqs] Processed 855858 reads in 34.194 CPU sec, 4.203 real sec
[M::mem_process_seqs] Processed 305544 reads in 13.224 CPU sec, 1.615 real sec
[main] Version: 0.7.17-r1188
[main] CMD: bwa mem -t 8 resources/20230701/Schizosaccharomyces_pombe_all_chromosomes.fa results/DIT_HAP_reseq/2_dissected/reseqYYS1328-7-1/reseqYYS1328-7-1-YES6.PBL.fq.gz
[main] Real time: 10.714 sec; CPU: 77.015 sec
[bam_sort_core] merging from 0 files and 8 in-memory blocks...
[M::process] read 858672 sequences (80000196 bp)...
[M::mem_process_seqs] Processed 855874 reads in 31.683 CPU sec, 3.829 real sec
[Mon Jun 17 11:20:01 2024]
Finished job 24.
21 of 29 steps (72%) done
Select jobs to execute...
Execute 1 jobs...

[Mon Jun 17 11:20:01 2024]
localrule samtools_filtering:
    input: results/DIT_HAP_reseq/3_mapped/reseqYYS1328-7-1/reseqYYS1328-7-1-YES6.PBL.sam
    output: results/DIT_HAP_reseq/4_filtered/reseqYYS1328-7-1/reseqYYS1328-7-1-YES6.PBL.unique.sam
    log: logs/DIT_HAP_reseq/samtools_filtering/reseqYYS1328-7-1/reseqYYS1328-7-1-YES6.PBL.log
    jobid: 23
    reason: Missing output files: results/DIT_HAP_reseq/4_filtered/reseqYYS1328-7-1/reseqYYS1328-7-1-YES6.PBL.unique.sam; Input files updated by another job: results/DIT_HAP_reseq/3_mapped/reseqYYS1328-7-1/reseqYYS1328-7-1-YES6.PBL.sam
    wildcards: sample=reseqYYS1328-7-1, timepoint=YES6, PBtype=PBL
    threads: 8
    resources: tmpdir=/tmp


        samtools view -@ 8 -h -q 1 -e "(flag==0||flag==16)&&([NM]&&[NM]<=3)&&(!(([XA])||([SA])))&&(ncigar==1)" results/DIT_HAP_reseq/3_mapped/reseqYYS1328-7-1/reseqYYS1328-7-1-YES6.PBL.sam > results/DIT_HAP_reseq/4_filtered/reseqYYS1328-7-1/reseqYYS1328-7-1-YES6.PBL.unique.sam 2> logs/DIT_HAP_reseq/samtools_filtering/reseqYYS1328-7-1/reseqYYS1328-7-1-YES6.PBL.log
        
[M::process] read 750426 sequences (69889182 bp)...
[M::mem_process_seqs] Processed 858672 reads in 32.208 CPU sec, 3.895 real sec
[Mon Jun 17 11:20:05 2024]
Finished job 23.
22 of 29 steps (76%) done
Select jobs to execute...
Execute 1 jobs...

[Mon Jun 17 11:20:05 2024]
localrule extract_insertions:
    input: results/DIT_HAP_reseq/4_filtered/reseqYYS1328-7-1/reseqYYS1328-7-1-YES6.PBL.unique.sam
    output: results/DIT_HAP_reseq/5_insertions/reseqYYS1328-7-1/reseqYYS1328-7-1-YES6.PBL.bed
    log: logs/DIT_HAP_reseq/extract_insertions/reseqYYS1328-7-1/reseqYYS1328-7-1-YES6.PBL.log
    jobid: 22
    reason: Missing output files: results/DIT_HAP_reseq/5_insertions/reseqYYS1328-7-1/reseqYYS1328-7-1-YES6.PBL.bed; Input files updated by another job: results/DIT_HAP_reseq/4_filtered/reseqYYS1328-7-1/reseqYYS1328-7-1-YES6.PBL.unique.sam
    wildcards: sample=reseqYYS1328-7-1, timepoint=YES6, PBtype=PBL
    threads: 8
    resources: tmpdir=/tmp


        python workflow/scripts/preprocessing/extract_insertions.py -i results/DIT_HAP_reseq/4_filtered/reseqYYS1328-7-1/reseqYYS1328-7-1-YES6.PBL.unique.sam -o results/DIT_HAP_reseq/5_insertions/reseqYYS1328-7-1/reseqYYS1328-7-1-YES6.PBL.bed -n 8 > logs/DIT_HAP_reseq/extract_insertions/reseqYYS1328-7-1/reseqYYS1328-7-1-YES6.PBL.log
        
[M::mem_process_seqs] Processed 750426 reads in 27.411 CPU sec, 3.439 real sec
[main] Version: 0.7.17-r1188
[main] CMD: bwa mem -t 8 resources/20230701/Schizosaccharomyces_pombe_all_chromosomes.fa results/DIT_HAP_reseq/2_dissected/reseqYYS1328-7-1/reseqYYS1328-7-1-YES6.PBR.fq.gz
[main] Real time: 20.970 sec; CPU: 159.038 sec
[bam_sort_core] merging from 0 files and 8 in-memory blocks...
[Mon Jun 17 11:20:19 2024]
Finished job 29.
23 of 29 steps (79%) done
Select jobs to execute...
Execute 1 jobs...

[Mon Jun 17 11:20:19 2024]
localrule samtools_filtering:
    input: results/DIT_HAP_reseq/3_mapped/reseqYYS1328-7-1/reseqYYS1328-7-1-YES6.PBR.sam
    output: results/DIT_HAP_reseq/4_filtered/reseqYYS1328-7-1/reseqYYS1328-7-1-YES6.PBR.unique.sam
    log: logs/DIT_HAP_reseq/samtools_filtering/reseqYYS1328-7-1/reseqYYS1328-7-1-YES6.PBR.log
    jobid: 28
    reason: Missing output files: results/DIT_HAP_reseq/4_filtered/reseqYYS1328-7-1/reseqYYS1328-7-1-YES6.PBR.unique.sam; Input files updated by another job: results/DIT_HAP_reseq/3_mapped/reseqYYS1328-7-1/reseqYYS1328-7-1-YES6.PBR.sam
    wildcards: sample=reseqYYS1328-7-1, timepoint=YES6, PBtype=PBR
    threads: 8
    resources: tmpdir=/tmp


        samtools view -@ 8 -h -q 1 -e "(flag==0||flag==16)&&([NM]&&[NM]<=3)&&(!(([XA])||([SA])))&&(ncigar==1)" results/DIT_HAP_reseq/3_mapped/reseqYYS1328-7-1/reseqYYS1328-7-1-YES6.PBR.sam > results/DIT_HAP_reseq/4_filtered/reseqYYS1328-7-1/reseqYYS1328-7-1-YES6.PBR.unique.sam 2> logs/DIT_HAP_reseq/samtools_filtering/reseqYYS1328-7-1/reseqYYS1328-7-1-YES6.PBR.log
        
[Mon Jun 17 11:20:26 2024]
Finished job 22.
24 of 29 steps (83%) done
[Mon Jun 17 11:20:28 2024]
Finished job 28.
25 of 29 steps (86%) done
Select jobs to execute...
Execute 1 jobs...

[Mon Jun 17 11:20:28 2024]
localrule extract_insertions:
    input: results/DIT_HAP_reseq/4_filtered/reseqYYS1328-7-1/reseqYYS1328-7-1-YES6.PBR.unique.sam
    output: results/DIT_HAP_reseq/5_insertions/reseqYYS1328-7-1/reseqYYS1328-7-1-YES6.PBR.bed
    log: logs/DIT_HAP_reseq/extract_insertions/reseqYYS1328-7-1/reseqYYS1328-7-1-YES6.PBR.log
    jobid: 27
    reason: Missing output files: results/DIT_HAP_reseq/5_insertions/reseqYYS1328-7-1/reseqYYS1328-7-1-YES6.PBR.bed; Input files updated by another job: results/DIT_HAP_reseq/4_filtered/reseqYYS1328-7-1/reseqYYS1328-7-1-YES6.PBR.unique.sam
    wildcards: sample=reseqYYS1328-7-1, timepoint=YES6, PBtype=PBR
    threads: 8
    resources: tmpdir=/tmp


        python workflow/scripts/preprocessing/extract_insertions.py -i results/DIT_HAP_reseq/4_filtered/reseqYYS1328-7-1/reseqYYS1328-7-1-YES6.PBR.unique.sam -o results/DIT_HAP_reseq/5_insertions/reseqYYS1328-7-1/reseqYYS1328-7-1-YES6.PBR.bed -n 8 > logs/DIT_HAP_reseq/extract_insertions/reseqYYS1328-7-1/reseqYYS1328-7-1-YES6.PBR.log
        
[Mon Jun 17 11:21:12 2024]
Finished job 27.
26 of 29 steps (90%) done
Select jobs to execute...
Execute 1 jobs...

[Mon Jun 17 11:21:12 2024]
localrule merge_insertions:
    input: results/DIT_HAP_reseq/5_insertions/reseqYYS1328-7-1/reseqYYS1328-7-1-YES6.PBL.bed, results/DIT_HAP_reseq/5_insertions/reseqYYS1328-7-1/reseqYYS1328-7-1-YES6.PBR.bed
    output: results/DIT_HAP_reseq/6_merged/reseqYYS1328-7-1/reseqYYS1328-7-1-YES6.bed
    log: logs/DIT_HAP_reseq/merge_insertions/reseqYYS1328-7-1/reseqYYS1328-7-1-YES6.log
    jobid: 21
    reason: Missing output files: results/DIT_HAP_reseq/6_merged/reseqYYS1328-7-1/reseqYYS1328-7-1-YES6.bed; Input files updated by another job: results/DIT_HAP_reseq/5_insertions/reseqYYS1328-7-1/reseqYYS1328-7-1-YES6.PBL.bed, results/DIT_HAP_reseq/5_insertions/reseqYYS1328-7-1/reseqYYS1328-7-1-YES6.PBR.bed
    wildcards: sample=reseqYYS1328-7-1, timepoint=YES6
    resources: tmpdir=/tmp


        python workflow/scripts/preprocessing/merge_insertions.py             -il results/DIT_HAP_reseq/5_insertions/reseqYYS1328-7-1/reseqYYS1328-7-1-YES6.PBL.bed             -ir results/DIT_HAP_reseq/5_insertions/reseqYYS1328-7-1/reseqYYS1328-7-1-YES6.PBR.bed             -o results/DIT_HAP_reseq/6_merged/reseqYYS1328-7-1/reseqYYS1328-7-1-YES6.bed > logs/DIT_HAP_reseq/merge_insertions/reseqYYS1328-7-1/reseqYYS1328-7-1-YES6.log
        
[Mon Jun 17 11:21:13 2024]
Finished job 21.
27 of 29 steps (93%) done
Select jobs to execute...
Execute 1 jobs...

[Mon Jun 17 11:21:13 2024]
localrule concat_timepoints:
    input: results/DIT_HAP_reseq/6_merged/reseqYYS1328-7-1/reseqYYS1328-7-1-YES4.bed, results/DIT_HAP_reseq/6_merged/reseqYYS1328-7-1/reseqYYS1328-7-1-YES5.bed, results/DIT_HAP_reseq/6_merged/reseqYYS1328-7-1/reseqYYS1328-7-1-YES6.bed, resources/20230701/Schizosaccharomyces_pombe_all_chromosomes.fa
    output: results/DIT_HAP_reseq/7_concated/reseqYYS1328-7-1/reseqYYS1328-7-1.PBL, results/DIT_HAP_reseq/7_concated/reseqYYS1328-7-1/reseqYYS1328-7-1.PBR, results/DIT_HAP_reseq/7_concated/reseqYYS1328-7-1/reseqYYS1328-7-1.Reads
    log: logs/DIT_HAP_reseq/concat_timepoints/reseqYYS1328-7-1.log
    jobid: 2
    reason: Missing output files: results/DIT_HAP_reseq/7_concated/reseqYYS1328-7-1/reseqYYS1328-7-1.Reads; Input files updated by another job: results/DIT_HAP_reseq/6_merged/reseqYYS1328-7-1/reseqYYS1328-7-1-YES5.bed, results/DIT_HAP_reseq/6_merged/reseqYYS1328-7-1/reseqYYS1328-7-1-YES4.bed, results/DIT_HAP_reseq/6_merged/reseqYYS1328-7-1/reseqYYS1328-7-1-YES6.bed
    wildcards: sample=reseqYYS1328-7-1
    resources: tmpdir=/tmp


        python workflow/scripts/preprocessing/concat_timepoints.py             -s reseqYYS1328-7-1             -i results/DIT_HAP_reseq/6_merged/reseqYYS1328-7-1/reseqYYS1328-7-1-YES4.bed results/DIT_HAP_reseq/6_merged/reseqYYS1328-7-1/reseqYYS1328-7-1-YES5.bed results/DIT_HAP_reseq/6_merged/reseqYYS1328-7-1/reseqYYS1328-7-1-YES6.bed             -tp YES4 YES5 YES6             -g resources/20230701/Schizosaccharomyces_pombe_all_chromosomes.fa             -ol results/DIT_HAP_reseq/7_concated/reseqYYS1328-7-1/reseqYYS1328-7-1.PBL             -or results/DIT_HAP_reseq/7_concated/reseqYYS1328-7-1/reseqYYS1328-7-1.PBR             -o results/DIT_HAP_reseq/7_concated/reseqYYS1328-7-1/reseqYYS1328-7-1.Reads > logs/DIT_HAP_reseq/concat_timepoints/reseqYYS1328-7-1.log
        
[Mon Jun 17 11:21:15 2024]
Finished job 2.
28 of 29 steps (97%) done
Select jobs to execute...
Execute 1 jobs...

[Mon Jun 17 11:21:15 2024]
localrule all:
    input: results/genome_intervals/nucletides_for_each_coding_region.bed, results/DIT_HAP_reseq/7_concated/reseqYYS1328-7-1/reseqYYS1328-7-1.Reads
    jobid: 0
    reason: Input files updated by another job: results/DIT_HAP_reseq/7_concated/reseqYYS1328-7-1/reseqYYS1328-7-1.Reads
    resources: tmpdir=/tmp

[Mon Jun 17 11:21:15 2024]
Finished job 0.
29 of 29 steps (100%) done
Complete log: .snakemake/log/2024-06-17T110745.642316.snakemake.log
