Assuming unrestricted shared filesystem usage.
Building DAG of jobs...
Using shell: /usr/bin/bash
Provided cores: 56
Rules claiming more threads will be scaled down.
Job stats:
job                            count
---------------------------  -------
FWHM_analysis_and_filtering        3
all                                1
annotate_insertions                3
concat_samples                     1
data_integration                   1
domain_level_curve_fitting         2
gene_level_curve_fitting           2
merge_annotation                   1
normalization                      1
total                             15

Select jobs to execute...
Execute 3 jobs...

[Fri Jun 14 22:42:05 2024]
localrule annotate_insertions:
    input: results/DIT_HAP/8_filtered_reads/HD1328-4-0.filtered.Reads, results/genome_intervals/Genome_regions_CDS_intron_IGR_annotated.bed
    output: results/DIT_HAP/9_annotated_insertions/HD1328-4-0.annotated.csv
    jobid: 50
    reason: Updated input files: results/genome_intervals/Genome_regions_CDS_intron_IGR_annotated.bed
    wildcards: sample=HD1328-4-0
    resources: tmpdir=/tmp


        python workflow/scripts/annotating_and_normalizing/annotate_insertions.py         -i results/DIT_HAP/8_filtered_reads/HD1328-4-0.filtered.Reads         -g results/genome_intervals/Genome_regions_CDS_intron_IGR_annotated.bed         -o results/DIT_HAP/9_annotated_insertions/HD1328-4-0.annotated.csv
        
Activating conda environment: pybedtools

[Fri Jun 14 22:42:06 2024]
localrule annotate_insertions:
    input: results/DIT_HAP/8_filtered_reads/HD1328-7-1.filtered.Reads, results/genome_intervals/Genome_regions_CDS_intron_IGR_annotated.bed
    output: results/DIT_HAP/9_annotated_insertions/HD1328-7-1.annotated.csv
    jobid: 57
    reason: Updated input files: results/genome_intervals/Genome_regions_CDS_intron_IGR_annotated.bed
    wildcards: sample=HD1328-7-1
    resources: tmpdir=/tmp


        python workflow/scripts/annotating_and_normalizing/annotate_insertions.py         -i results/DIT_HAP/8_filtered_reads/HD1328-7-1.filtered.Reads         -g results/genome_intervals/Genome_regions_CDS_intron_IGR_annotated.bed         -o results/DIT_HAP/9_annotated_insertions/HD1328-7-1.annotated.csv
        
Activating conda environment: pybedtools

[Fri Jun 14 22:42:06 2024]
localrule annotate_insertions:
    input: results/DIT_HAP/8_filtered_reads/HD1328-8-1.filtered.Reads, results/genome_intervals/Genome_regions_CDS_intron_IGR_annotated.bed
    output: results/DIT_HAP/9_annotated_insertions/HD1328-8-1.annotated.csv
    jobid: 58
    reason: Updated input files: results/genome_intervals/Genome_regions_CDS_intron_IGR_annotated.bed
    wildcards: sample=HD1328-8-1
    resources: tmpdir=/tmp


        python workflow/scripts/annotating_and_normalizing/annotate_insertions.py         -i results/DIT_HAP/8_filtered_reads/HD1328-8-1.filtered.Reads         -g results/genome_intervals/Genome_regions_CDS_intron_IGR_annotated.bed         -o results/DIT_HAP/9_annotated_insertions/HD1328-8-1.annotated.csv
        
Activating conda environment: pybedtools
***** WARNING: File /tmp/pybedtools._z_hykau.tmp has inconsistent naming convention for record:
chr_II_telomeric_gap	0	1478	.|SPBC460.01c	Intergenic region	.|-	1478	.	0	1478	1478	.	.|SPBC460.01c	.|Unknown

***** WARNING: File /tmp/pybedtools._z_hykau.tmp has inconsistent naming convention for record:
chr_II_telomeric_gap	0	1478	.|SPBC460.01c	Intergenic region	.|-	1478	.	0	1478	1478	.	.|SPBC460.01c	.|Unknown

***** WARNING: File /tmp/pybedtools.j9pxviri.tmp has inconsistent naming convention for record:
chr_II_telomeric_gap	0	1478	.|SPBC460.01c	Intergenic region	.|-	1478	.	0	1478	1478	.	.|SPBC460.01c	.|Unknown

***** WARNING: File /tmp/pybedtools.j9pxviri.tmp has inconsistent naming convention for record:
chr_II_telomeric_gap	0	1478	.|SPBC460.01c	Intergenic region	.|-	1478	.	0	1478	1478	.	.|SPBC460.01c	.|Unknown

***** WARNING: File /tmp/pybedtools.nf2qky15.tmp has inconsistent naming convention for record:
chr_II_telomeric_gap	0	1478	.|SPBC460.01c	Intergenic region	.|-	1478	.	0	1478	1478	.	.|SPBC460.01c	.|Unknown

***** WARNING: File /tmp/pybedtools.nf2qky15.tmp has inconsistent naming convention for record:
chr_II_telomeric_gap	0	1478	.|SPBC460.01c	Intergenic region	.|-	1478	.	0	1478	1478	.	.|SPBC460.01c	.|Unknown

[Fri Jun 14 22:46:40 2024]
Finished job 57.
1 of 15 steps (7%) done
[Fri Jun 14 22:47:03 2024]
Finished job 58.
2 of 15 steps (13%) done
[Fri Jun 14 22:47:19 2024]
Finished job 50.
3 of 15 steps (20%) done
Select jobs to execute...
Execute 1 jobs...

[Fri Jun 14 22:47:19 2024]
localrule merge_annotation:
    input: results/DIT_HAP/9_annotated_insertions/HD1328-4-0.annotated.csv, results/DIT_HAP/9_annotated_insertions/HD1328-7-1.annotated.csv, results/DIT_HAP/9_annotated_insertions/HD1328-8-1.annotated.csv
    output: results/DIT_HAP/9_annotated_insertions/DIT_HAP.annotated.csv
    jobid: 49
    reason: Input files updated by another job: results/DIT_HAP/9_annotated_insertions/HD1328-8-1.annotated.csv, results/DIT_HAP/9_annotated_insertions/HD1328-7-1.annotated.csv, results/DIT_HAP/9_annotated_insertions/HD1328-4-0.annotated.csv
    resources: tmpdir=/tmp

[Fri Jun 14 22:47:25 2024]
Finished job 49.
4 of 15 steps (27%) done
Select jobs to execute...
Execute 1 jobs...

[Fri Jun 14 22:47:25 2024]
localcheckpoint normalization:
    input: results/DIT_HAP/10_reformatted_insertions/HD1328-4-0.csv, results/DIT_HAP/10_reformatted_insertions/HD1328-7-1.csv, results/DIT_HAP/10_reformatted_insertions/HD1328-8-1.csv, results/DIT_HAP/9_annotated_insertions/DIT_HAP.annotated.csv
    output: results/DIT_HAP/11_normalization
    jobid: 3
    reason: Input files updated by another job: results/DIT_HAP/9_annotated_insertions/DIT_HAP.annotated.csv
    resources: tmpdir=/tmp
DAG of jobs will be updated after completion.


        python workflow/scripts/annotating_and_normalizing/normalization_multi_in_multi_out.py         -i results/DIT_HAP/10_reformatted_insertions/HD1328-4-0.csv results/DIT_HAP/10_reformatted_insertions/HD1328-7-1.csv results/DIT_HAP/10_reformatted_insertions/HD1328-8-1.csv         -a results/DIT_HAP/9_annotated_insertions/DIT_HAP.annotated.csv         -t 0h         -o results/DIT_HAP/11_normalization
        
[Fri Jun 14 22:47:45 2024]
Finished job 3.
5 of 15 steps (33%) done
Select jobs to execute...
Execute 3 jobs...

[Fri Jun 14 22:47:45 2024]
localcheckpoint FWHM_analysis_and_filtering:
    input: results/DIT_HAP/11_normalization/normalized_values/HD1328-8-1.normalized.csv
    output: reports/DIT_HAP/FWHM_analysis_and_filtering/FWHM_report/HD1328-8-1.FWHM_report.csv, reports/DIT_HAP/FWHM_analysis_and_filtering/FWHM_plot/HD1328-8-1.FWHM_plot.pdf, reports/DIT_HAP/FWHM_analysis_and_filtering/MA_plot/HD1328-8-1.MA_plot.pdf, results/DIT_HAP/12_FWHM_filtered_reads/HD1328-8-1.normalized.csv, results/DIT_HAP/12_FWHM_filtered_reads/HD1328-8-1.M.csv, results/DIT_HAP/12_FWHM_filtered_reads/HD1328-8-1.A.csv
    jobid: 60
    reason: Missing output files: results/DIT_HAP/12_FWHM_filtered_reads/HD1328-8-1.A.csv; Updated input files: results/DIT_HAP/11_normalization/normalized_values/HD1328-8-1.normalized.csv
    wildcards: sample=HD1328-8-1
    resources: tmpdir=/tmp
DAG of jobs will be updated after completion.


        python workflow/scripts/annotating_and_normalizing/FWHM_analysis_and_filtering.py         -i results/DIT_HAP/11_normalization/normalized_values/HD1328-8-1.normalized.csv         -itp 0h         -or results/DIT_HAP/12_FWHM_filtered_reads/HD1328-8-1.normalized.csv         -om results/DIT_HAP/12_FWHM_filtered_reads/HD1328-8-1.M.csv         -oa results/DIT_HAP/12_FWHM_filtered_reads/HD1328-8-1.A.csv         -r reports/DIT_HAP/FWHM_analysis_and_filtering/FWHM_report/HD1328-8-1.FWHM_report.csv         -f reports/DIT_HAP/FWHM_analysis_and_filtering/FWHM_plot/HD1328-8-1.FWHM_plot.pdf         -ma reports/DIT_HAP/FWHM_analysis_and_filtering/MA_plot/HD1328-8-1.MA_plot.pdf
        

[Fri Jun 14 22:47:45 2024]
localcheckpoint FWHM_analysis_and_filtering:
    input: results/DIT_HAP/11_normalization/normalized_values/HD1328-4-0.normalized.csv
    output: reports/DIT_HAP/FWHM_analysis_and_filtering/FWHM_report/HD1328-4-0.FWHM_report.csv, reports/DIT_HAP/FWHM_analysis_and_filtering/FWHM_plot/HD1328-4-0.FWHM_plot.pdf, reports/DIT_HAP/FWHM_analysis_and_filtering/MA_plot/HD1328-4-0.MA_plot.pdf, results/DIT_HAP/12_FWHM_filtered_reads/HD1328-4-0.normalized.csv, results/DIT_HAP/12_FWHM_filtered_reads/HD1328-4-0.M.csv, results/DIT_HAP/12_FWHM_filtered_reads/HD1328-4-0.A.csv
    jobid: 2
    reason: Missing output files: results/DIT_HAP/12_FWHM_filtered_reads/HD1328-4-0.A.csv; Updated input files: results/DIT_HAP/11_normalization/normalized_values/HD1328-4-0.normalized.csv
    wildcards: sample=HD1328-4-0
    resources: tmpdir=/tmp
DAG of jobs will be updated after completion.


        python workflow/scripts/annotating_and_normalizing/FWHM_analysis_and_filtering.py         -i results/DIT_HAP/11_normalization/normalized_values/HD1328-4-0.normalized.csv         -itp 0h         -or results/DIT_HAP/12_FWHM_filtered_reads/HD1328-4-0.normalized.csv         -om results/DIT_HAP/12_FWHM_filtered_reads/HD1328-4-0.M.csv         -oa results/DIT_HAP/12_FWHM_filtered_reads/HD1328-4-0.A.csv         -r reports/DIT_HAP/FWHM_analysis_and_filtering/FWHM_report/HD1328-4-0.FWHM_report.csv         -f reports/DIT_HAP/FWHM_analysis_and_filtering/FWHM_plot/HD1328-4-0.FWHM_plot.pdf         -ma reports/DIT_HAP/FWHM_analysis_and_filtering/MA_plot/HD1328-4-0.MA_plot.pdf
        

[Fri Jun 14 22:47:45 2024]
localcheckpoint FWHM_analysis_and_filtering:
    input: results/DIT_HAP/11_normalization/normalized_values/HD1328-7-1.normalized.csv
    output: reports/DIT_HAP/FWHM_analysis_and_filtering/FWHM_report/HD1328-7-1.FWHM_report.csv, reports/DIT_HAP/FWHM_analysis_and_filtering/FWHM_plot/HD1328-7-1.FWHM_plot.pdf, reports/DIT_HAP/FWHM_analysis_and_filtering/MA_plot/HD1328-7-1.MA_plot.pdf, results/DIT_HAP/12_FWHM_filtered_reads/HD1328-7-1.normalized.csv, results/DIT_HAP/12_FWHM_filtered_reads/HD1328-7-1.M.csv, results/DIT_HAP/12_FWHM_filtered_reads/HD1328-7-1.A.csv
    jobid: 59
    reason: Missing output files: results/DIT_HAP/12_FWHM_filtered_reads/HD1328-7-1.A.csv; Updated input files: results/DIT_HAP/11_normalization/normalized_values/HD1328-7-1.normalized.csv
    wildcards: sample=HD1328-7-1
    resources: tmpdir=/tmp
DAG of jobs will be updated after completion.


        python workflow/scripts/annotating_and_normalizing/FWHM_analysis_and_filtering.py         -i results/DIT_HAP/11_normalization/normalized_values/HD1328-7-1.normalized.csv         -itp 0h         -or results/DIT_HAP/12_FWHM_filtered_reads/HD1328-7-1.normalized.csv         -om results/DIT_HAP/12_FWHM_filtered_reads/HD1328-7-1.M.csv         -oa results/DIT_HAP/12_FWHM_filtered_reads/HD1328-7-1.A.csv         -r reports/DIT_HAP/FWHM_analysis_and_filtering/FWHM_report/HD1328-7-1.FWHM_report.csv         -f reports/DIT_HAP/FWHM_analysis_and_filtering/FWHM_plot/HD1328-7-1.FWHM_plot.pdf         -ma reports/DIT_HAP/FWHM_analysis_and_filtering/MA_plot/HD1328-7-1.MA_plot.pdf
        
[Fri Jun 14 22:48:52 2024]
Finished job 59.
6 of 15 steps (40%) done
[Fri Jun 14 22:48:58 2024]
Finished job 60.
7 of 15 steps (47%) done
[Fri Jun 14 22:49:01 2024]
Finished job 2.
8 of 15 steps (53%) done
Select jobs to execute...
Execute 1 jobs...

[Fri Jun 14 22:49:01 2024]
localrule concat_samples:
    input: results/DIT_HAP/12_FWHM_filtered_reads/HD1328-4-0.M.csv, results/DIT_HAP/12_FWHM_filtered_reads/HD1328-7-1.M.csv, results/DIT_HAP/12_FWHM_filtered_reads/HD1328-8-1.M.csv, results/DIT_HAP/12_FWHM_filtered_reads/HD1328-4-0.A.csv, results/DIT_HAP/12_FWHM_filtered_reads/HD1328-7-1.A.csv, results/DIT_HAP/12_FWHM_filtered_reads/HD1328-8-1.A.csv, results/DIT_HAP/12_FWHM_filtered_reads/HD1328-4-0.normalized.csv, results/DIT_HAP/12_FWHM_filtered_reads/HD1328-7-1.normalized.csv, results/DIT_HAP/12_FWHM_filtered_reads/HD1328-8-1.normalized.csv
    output: results/DIT_HAP/13_concated_values/DIT_HAP.normalized.csv, results/DIT_HAP/13_concated_values/DIT_HAP.M.csv, results/DIT_HAP/13_concated_values/DIT_HAP.A.csv, results/DIT_HAP/13_concated_values/DIT_HAP.Confidence_score.csv
    jobid: 63
    reason: Updated input files: results/DIT_HAP/12_FWHM_filtered_reads/HD1328-8-1.A.csv, results/DIT_HAP/12_FWHM_filtered_reads/HD1328-7-1.normalized.csv, results/DIT_HAP/12_FWHM_filtered_reads/HD1328-7-1.A.csv, results/DIT_HAP/12_FWHM_filtered_reads/HD1328-4-0.M.csv, results/DIT_HAP/12_FWHM_filtered_reads/HD1328-4-0.A.csv, results/DIT_HAP/12_FWHM_filtered_reads/HD1328-8-1.M.csv, results/DIT_HAP/12_FWHM_filtered_reads/HD1328-4-0.normalized.csv, results/DIT_HAP/12_FWHM_filtered_reads/HD1328-8-1.normalized.csv, results/DIT_HAP/12_FWHM_filtered_reads/HD1328-7-1.M.csv
    resources: tmpdir=/tmp


        python workflow/scripts/depletion_curve_smoothing/concat_samples.py         -M results/DIT_HAP/12_FWHM_filtered_reads/HD1328-4-0.M.csv results/DIT_HAP/12_FWHM_filtered_reads/HD1328-7-1.M.csv results/DIT_HAP/12_FWHM_filtered_reads/HD1328-8-1.M.csv         -A results/DIT_HAP/12_FWHM_filtered_reads/HD1328-4-0.A.csv results/DIT_HAP/12_FWHM_filtered_reads/HD1328-7-1.A.csv results/DIT_HAP/12_FWHM_filtered_reads/HD1328-8-1.A.csv         -N results/DIT_HAP/12_FWHM_filtered_reads/HD1328-4-0.normalized.csv results/DIT_HAP/12_FWHM_filtered_reads/HD1328-7-1.normalized.csv results/DIT_HAP/12_FWHM_filtered_reads/HD1328-8-1.normalized.csv         -uTP Diploid         -itp 0h         -oM results/DIT_HAP/13_concated_values/DIT_HAP.M.csv         -oA results/DIT_HAP/13_concated_values/DIT_HAP.A.csv         -oN results/DIT_HAP/13_concated_values/DIT_HAP.normalized.csv         -oCS results/DIT_HAP/13_concated_values/DIT_HAP.Confidence_score.csv
        
[Fri Jun 14 22:49:20 2024]
Finished job 63.
9 of 15 steps (60%) done
Select jobs to execute...
Execute 1 jobs...

[Fri Jun 14 22:49:20 2024]
localrule data_integration:
    input: results/DIT_HAP/13_concated_values/DIT_HAP.M.csv, results/DIT_HAP/13_concated_values/DIT_HAP.Confidence_score.csv, results/DIT_HAP/13_concated_values/DIT_HAP.normalized.csv, results/DIT_HAP/9_annotated_insertions/DIT_HAP.annotated.csv, config/samples_timepoints.csv, resources/UP000002485_284812_SCHPO_v4_and_vDulab_annotated_PAE_domain_based_on_pLDDT.tsv
    output: results/DIT_HAP/14_integrated_values/DIT_HAP.GMs.csv, results/DIT_HAP/14_integrated_values/DIT_HAP.annotated_with_domains.csv
    jobid: 62
    reason: Input files updated by another job: results/DIT_HAP/13_concated_values/DIT_HAP.M.csv, results/DIT_HAP/13_concated_values/DIT_HAP.Confidence_score.csv, results/DIT_HAP/9_annotated_insertions/DIT_HAP.annotated.csv, results/DIT_HAP/13_concated_values/DIT_HAP.normalized.csv
    resources: tmpdir=/tmp


        python workflow/scripts/depletion_curve_smoothing/data_integration.py             -M results/DIT_HAP/13_concated_values/DIT_HAP.M.csv             -CS results/DIT_HAP/13_concated_values/DIT_HAP.Confidence_score.csv             -n results/DIT_HAP/13_concated_values/DIT_HAP.normalized.csv             -g config/samples_timepoints.csv             -itp 0h             -anno results/DIT_HAP/9_annotated_insertions/DIT_HAP.annotated.csv             -d resources/UP000002485_284812_SCHPO_v4_and_vDulab_annotated_PAE_domain_based_on_pLDDT.tsv             -o results/DIT_HAP/14_integrated_values/DIT_HAP.GMs.csv             -ao results/DIT_HAP/14_integrated_values/DIT_HAP.annotated_with_domains.csv
        
[Fri Jun 14 22:53:12 2024]
Finished job 62.
10 of 15 steps (67%) done
Select jobs to execute...
Execute 2 jobs...

[Fri Jun 14 22:53:12 2024]
localrule domain_level_curve_fitting:
    input: results/DIT_HAP/14_integrated_values/DIT_HAP.annotated_with_domains.csv, results/DIT_HAP/14_integrated_values/DIT_HAP.GMs.csv
    output: results/DIT_HAP/15_curve_fitting/DIT_HAP.fitpoints5.predpoints5.LOWESS0.fatol5e-3.domain.csv
    jobid: 61
    reason: Missing output files: results/DIT_HAP/15_curve_fitting/DIT_HAP.fitpoints5.predpoints5.LOWESS0.fatol5e-3.domain.csv; Input files updated by another job: results/DIT_HAP/14_integrated_values/DIT_HAP.GMs.csv, results/DIT_HAP/14_integrated_values/DIT_HAP.annotated_with_domains.csv
    wildcards: fitting=points5, prediction=points5, LOWESS=0, fatol=5e-3
    threads: 8
    resources: tmpdir=/tmp


        python workflow/scripts/depletion_curve_smoothing/domain_level_curve_fitting.py             -C 8             -anno results/DIT_HAP/14_integrated_values/DIT_HAP.annotated_with_domains.csv             -GM results/DIT_HAP/14_integrated_values/DIT_HAP.GMs.csv             -o results/DIT_HAP/15_curve_fitting/DIT_HAP.fitpoints5.predpoints5.LOWESS0.fatol5e-3.domain.csv             -fatol 5e-3             --use-weighted-M 1             -f points5             -p points5             --use-LOWESS 0
        

[Fri Jun 14 22:53:12 2024]
localrule domain_level_curve_fitting:
    input: results/DIT_HAP/14_integrated_values/DIT_HAP.annotated_with_domains.csv, results/DIT_HAP/14_integrated_values/DIT_HAP.GMs.csv
    output: results/DIT_HAP/15_curve_fitting/DIT_HAP.fitpoints5.predpoints5.LOWESS1.fatol5e-3.domain.csv
    jobid: 65
    reason: Missing output files: results/DIT_HAP/15_curve_fitting/DIT_HAP.fitpoints5.predpoints5.LOWESS1.fatol5e-3.domain.csv; Input files updated by another job: results/DIT_HAP/14_integrated_values/DIT_HAP.GMs.csv, results/DIT_HAP/14_integrated_values/DIT_HAP.annotated_with_domains.csv
    wildcards: fitting=points5, prediction=points5, LOWESS=1, fatol=5e-3
    threads: 8
    resources: tmpdir=/tmp


        python workflow/scripts/depletion_curve_smoothing/domain_level_curve_fitting.py             -C 8             -anno results/DIT_HAP/14_integrated_values/DIT_HAP.annotated_with_domains.csv             -GM results/DIT_HAP/14_integrated_values/DIT_HAP.GMs.csv             -o results/DIT_HAP/15_curve_fitting/DIT_HAP.fitpoints5.predpoints5.LOWESS1.fatol5e-3.domain.csv             -fatol 5e-3             --use-weighted-M 1             -f points5             -p points5             --use-LOWESS 1
        
[Fri Jun 14 23:12:31 2024]
Finished job 61.
11 of 15 steps (73%) done
Select jobs to execute...
Execute 1 jobs...

[Fri Jun 14 23:12:31 2024]
localrule gene_level_curve_fitting:
    input: results/DIT_HAP/14_integrated_values/DIT_HAP.annotated_with_domains.csv, results/DIT_HAP/14_integrated_values/DIT_HAP.GMs.csv, results/DIT_HAP/15_curve_fitting/DIT_HAP.fitpoints5.predpoints5.LOWESS0.fatol5e-3.domain.csv
    output: results/DIT_HAP/15_curve_fitting/DIT_HAP.fitpoints5.predpoints5.LOWESS0.fatol5e-3.gene.csv
    jobid: 64
    reason: Missing output files: results/DIT_HAP/15_curve_fitting/DIT_HAP.fitpoints5.predpoints5.LOWESS0.fatol5e-3.gene.csv; Input files updated by another job: results/DIT_HAP/15_curve_fitting/DIT_HAP.fitpoints5.predpoints5.LOWESS0.fatol5e-3.domain.csv, results/DIT_HAP/14_integrated_values/DIT_HAP.GMs.csv, results/DIT_HAP/14_integrated_values/DIT_HAP.annotated_with_domains.csv
    wildcards: fitting=points5, prediction=points5, LOWESS=0, fatol=5e-3
    threads: 8
    resources: tmpdir=/tmp


        python workflow/scripts/depletion_curve_smoothing/gene_level_curve_fitting.py             -C 8             -anno results/DIT_HAP/14_integrated_values/DIT_HAP.annotated_with_domains.csv             -GM results/DIT_HAP/14_integrated_values/DIT_HAP.GMs.csv             -ddr results/DIT_HAP/15_curve_fitting/DIT_HAP.fitpoints5.predpoints5.LOWESS0.fatol5e-3.domain.csv             -o results/DIT_HAP/15_curve_fitting/DIT_HAP.fitpoints5.predpoints5.LOWESS0.fatol5e-3.gene.csv             -fatol 5e-3             --use-weighted-M 1             -f points5             -p points5             --use-LOWESS 0
        
[Fri Jun 14 23:17:08 2024]
Finished job 65.
12 of 15 steps (80%) done
Select jobs to execute...
Execute 1 jobs...

[Fri Jun 14 23:17:08 2024]
localrule gene_level_curve_fitting:
    input: results/DIT_HAP/14_integrated_values/DIT_HAP.annotated_with_domains.csv, results/DIT_HAP/14_integrated_values/DIT_HAP.GMs.csv, results/DIT_HAP/15_curve_fitting/DIT_HAP.fitpoints5.predpoints5.LOWESS1.fatol5e-3.domain.csv
    output: results/DIT_HAP/15_curve_fitting/DIT_HAP.fitpoints5.predpoints5.LOWESS1.fatol5e-3.gene.csv
    jobid: 66
    reason: Missing output files: results/DIT_HAP/15_curve_fitting/DIT_HAP.fitpoints5.predpoints5.LOWESS1.fatol5e-3.gene.csv; Input files updated by another job: results/DIT_HAP/15_curve_fitting/DIT_HAP.fitpoints5.predpoints5.LOWESS1.fatol5e-3.domain.csv, results/DIT_HAP/14_integrated_values/DIT_HAP.GMs.csv, results/DIT_HAP/14_integrated_values/DIT_HAP.annotated_with_domains.csv
    wildcards: fitting=points5, prediction=points5, LOWESS=1, fatol=5e-3
    threads: 8
    resources: tmpdir=/tmp


        python workflow/scripts/depletion_curve_smoothing/gene_level_curve_fitting.py             -C 8             -anno results/DIT_HAP/14_integrated_values/DIT_HAP.annotated_with_domains.csv             -GM results/DIT_HAP/14_integrated_values/DIT_HAP.GMs.csv             -ddr results/DIT_HAP/15_curve_fitting/DIT_HAP.fitpoints5.predpoints5.LOWESS1.fatol5e-3.domain.csv             -o results/DIT_HAP/15_curve_fitting/DIT_HAP.fitpoints5.predpoints5.LOWESS1.fatol5e-3.gene.csv             -fatol 5e-3             --use-weighted-M 1             -f points5             -p points5             --use-LOWESS 1
        
[Fri Jun 14 23:17:52 2024]
Finished job 64.
13 of 15 steps (87%) done
[Fri Jun 14 23:23:05 2024]
Finished job 66.
14 of 15 steps (93%) done
Select jobs to execute...
Execute 1 jobs...

[Fri Jun 14 23:23:05 2024]
localrule all:
    input: results/genome_intervals/nucletides_for_each_coding_region.bed, results/DIT_HAP/12_FWHM_filtered_reads/HD1328-4-0.A.csv, results/DIT_HAP/12_FWHM_filtered_reads/HD1328-7-1.A.csv, results/DIT_HAP/12_FWHM_filtered_reads/HD1328-8-1.A.csv, results/DIT_HAP/15_curve_fitting/DIT_HAP.fitpoints5.predpoints5.LOWESS0.fatol5e-3.domain.csv, results/DIT_HAP/15_curve_fitting/DIT_HAP.fitpoints5.predpoints5.LOWESS0.fatol5e-3.gene.csv, results/DIT_HAP/15_curve_fitting/DIT_HAP.fitpoints5.predpoints5.LOWESS1.fatol5e-3.domain.csv, results/DIT_HAP/15_curve_fitting/DIT_HAP.fitpoints5.predpoints5.LOWESS1.fatol5e-3.gene.csv
    jobid: 0
    reason: Input files updated by another job: results/DIT_HAP/15_curve_fitting/DIT_HAP.fitpoints5.predpoints5.LOWESS1.fatol5e-3.domain.csv, results/DIT_HAP/15_curve_fitting/DIT_HAP.fitpoints5.predpoints5.LOWESS0.fatol5e-3.gene.csv, results/DIT_HAP/15_curve_fitting/DIT_HAP.fitpoints5.predpoints5.LOWESS0.fatol5e-3.domain.csv, results/DIT_HAP/15_curve_fitting/DIT_HAP.fitpoints5.predpoints5.LOWESS1.fatol5e-3.gene.csv
    resources: tmpdir=/tmp

[Fri Jun 14 23:23:05 2024]
Finished job 0.
15 of 15 steps (100%) done
Complete log: .snakemake/log/2024-06-14T224203.177683.snakemake.log
