Assuming unrestricted shared filesystem usage.
Building DAG of jobs...
Using shell: /usr/bin/bash
Provided cores: 40
Rules claiming more threads will be scaled down.
Job stats:
job                           count
--------------------------  -------
all                               1
domain_level_curve_fitting       13
gene_level_curve_fitting         15
total                            29

Select jobs to execute...
Execute 5 jobs...

[Tue Apr 16 19:55:45 2024]
localrule domain_level_curve_fitting:
    input: results/DIT_HAP/14_integrated_values/DIT_HAP.annotated_with_domains.csv, results/DIT_HAP/14_integrated_values/DIT_HAP.GMs.csv
    output: results/DIT_HAP/15_curve_fitting/DIT_HAP.fitpoints7.predpoints13g.LOWESS0.fatol5e-3.domain.csv
    jobid: 91
    reason: Missing output files: results/DIT_HAP/15_curve_fitting/DIT_HAP.fitpoints7.predpoints13g.LOWESS0.fatol5e-3.domain.csv
    wildcards: fitting=points7, prediction=points13g, LOWESS=0, fatol=5e-3
    threads: 8
    resources: tmpdir=/tmp


        python workflow/scripts/depletion_curve_smoothing/domain_level_curve_fitting.py             -C 8             -anno results/DIT_HAP/14_integrated_values/DIT_HAP.annotated_with_domains.csv             -GM results/DIT_HAP/14_integrated_values/DIT_HAP.GMs.csv             -o results/DIT_HAP/15_curve_fitting/DIT_HAP.fitpoints7.predpoints13g.LOWESS0.fatol5e-3.domain.csv             -fatol 5e-3             --use-weighted-M 1             -f points7             -p points13g             --use-LOWESS 0
        

[Tue Apr 16 19:55:46 2024]
localrule domain_level_curve_fitting:
    input: results/DIT_HAP/14_integrated_values/DIT_HAP.annotated_with_domains.csv, results/DIT_HAP/14_integrated_values/DIT_HAP.GMs.csv
    output: results/DIT_HAP/15_curve_fitting/DIT_HAP.fitpoints5.predpoints5.LOWESS1.fatol5e-3.domain.csv
    jobid: 65
    reason: Missing output files: results/DIT_HAP/15_curve_fitting/DIT_HAP.fitpoints5.predpoints5.LOWESS1.fatol5e-3.domain.csv
    wildcards: fitting=points5, prediction=points5, LOWESS=1, fatol=5e-3
    threads: 8
    resources: tmpdir=/tmp


        python workflow/scripts/depletion_curve_smoothing/domain_level_curve_fitting.py             -C 8             -anno results/DIT_HAP/14_integrated_values/DIT_HAP.annotated_with_domains.csv             -GM results/DIT_HAP/14_integrated_values/DIT_HAP.GMs.csv             -o results/DIT_HAP/15_curve_fitting/DIT_HAP.fitpoints5.predpoints5.LOWESS1.fatol5e-3.domain.csv             -fatol 5e-3             --use-weighted-M 1             -f points5             -p points5             --use-LOWESS 1
        

[Tue Apr 16 19:55:46 2024]
localrule domain_level_curve_fitting:
    input: results/DIT_HAP/14_integrated_values/DIT_HAP.annotated_with_domains.csv, results/DIT_HAP/14_integrated_values/DIT_HAP.GMs.csv
    output: results/DIT_HAP/15_curve_fitting/DIT_HAP.fitpoints7.predpoints9.LOWESS1.fatol5e-3.domain.csv
    jobid: 85
    reason: Missing output files: results/DIT_HAP/15_curve_fitting/DIT_HAP.fitpoints7.predpoints9.LOWESS1.fatol5e-3.domain.csv
    wildcards: fitting=points7, prediction=points9, LOWESS=1, fatol=5e-3
    threads: 8
    resources: tmpdir=/tmp


        python workflow/scripts/depletion_curve_smoothing/domain_level_curve_fitting.py             -C 8             -anno results/DIT_HAP/14_integrated_values/DIT_HAP.annotated_with_domains.csv             -GM results/DIT_HAP/14_integrated_values/DIT_HAP.GMs.csv             -o results/DIT_HAP/15_curve_fitting/DIT_HAP.fitpoints7.predpoints9.LOWESS1.fatol5e-3.domain.csv             -fatol 5e-3             --use-weighted-M 1             -f points7             -p points9             --use-LOWESS 1
        

[Tue Apr 16 19:55:46 2024]
localrule gene_level_curve_fitting:
    input: results/DIT_HAP/14_integrated_values/DIT_HAP.annotated_with_domains.csv, results/DIT_HAP/14_integrated_values/DIT_HAP.GMs.csv, results/DIT_HAP/15_curve_fitting/DIT_HAP.fitpoints5.predpoints13g.LOWESS0.fatol5e-3.domain.csv
    output: results/DIT_HAP/15_curve_fitting/DIT_HAP.fitpoints5.predpoints13g.LOWESS0.fatol5e-3.gene.csv
    jobid: 76
    reason: Missing output files: results/DIT_HAP/15_curve_fitting/DIT_HAP.fitpoints5.predpoints13g.LOWESS0.fatol5e-3.gene.csv
    wildcards: fitting=points5, prediction=points13g, LOWESS=0, fatol=5e-3
    threads: 8
    resources: tmpdir=/tmp


        python workflow/scripts/depletion_curve_smoothing/gene_level_curve_fitting.py             -C 8             -anno results/DIT_HAP/14_integrated_values/DIT_HAP.annotated_with_domains.csv             -GM results/DIT_HAP/14_integrated_values/DIT_HAP.GMs.csv             -ddr results/DIT_HAP/15_curve_fitting/DIT_HAP.fitpoints5.predpoints13g.LOWESS0.fatol5e-3.domain.csv             -o results/DIT_HAP/15_curve_fitting/DIT_HAP.fitpoints5.predpoints13g.LOWESS0.fatol5e-3.gene.csv             -fatol 5e-3             --use-weighted-M 1             -f points5             -p points13g             --use-LOWESS 0
        

[Tue Apr 16 19:55:46 2024]
localrule domain_level_curve_fitting:
    input: results/DIT_HAP/14_integrated_values/DIT_HAP.annotated_with_domains.csv, results/DIT_HAP/14_integrated_values/DIT_HAP.GMs.csv
    output: results/DIT_HAP/15_curve_fitting/DIT_HAP.fitpoints7.predpoints13g.LOWESS1.fatol5e-3.domain.csv
    jobid: 93
    reason: Missing output files: results/DIT_HAP/15_curve_fitting/DIT_HAP.fitpoints7.predpoints13g.LOWESS1.fatol5e-3.domain.csv
    wildcards: fitting=points7, prediction=points13g, LOWESS=1, fatol=5e-3
    threads: 8
    resources: tmpdir=/tmp


        python workflow/scripts/depletion_curve_smoothing/domain_level_curve_fitting.py             -C 8             -anno results/DIT_HAP/14_integrated_values/DIT_HAP.annotated_with_domains.csv             -GM results/DIT_HAP/14_integrated_values/DIT_HAP.GMs.csv             -o results/DIT_HAP/15_curve_fitting/DIT_HAP.fitpoints7.predpoints13g.LOWESS1.fatol5e-3.domain.csv             -fatol 5e-3             --use-weighted-M 1             -f points7             -p points13g             --use-LOWESS 1
        
[Tue Apr 16 20:10:47 2024]
Finished job 76.
1 of 29 steps (3%) done
Select jobs to execute...
Execute 1 jobs...

[Tue Apr 16 20:10:47 2024]
localrule domain_level_curve_fitting:
    input: results/DIT_HAP/14_integrated_values/DIT_HAP.annotated_with_domains.csv, results/DIT_HAP/14_integrated_values/DIT_HAP.GMs.csv
    output: results/DIT_HAP/15_curve_fitting/DIT_HAP.fitpoints7.predpoints9.LOWESS0.fatol5e-3.domain.csv
    jobid: 83
    reason: Missing output files: results/DIT_HAP/15_curve_fitting/DIT_HAP.fitpoints7.predpoints9.LOWESS0.fatol5e-3.domain.csv
    wildcards: fitting=points7, prediction=points9, LOWESS=0, fatol=5e-3
    threads: 8
    resources: tmpdir=/tmp


        python workflow/scripts/depletion_curve_smoothing/domain_level_curve_fitting.py             -C 8             -anno results/DIT_HAP/14_integrated_values/DIT_HAP.annotated_with_domains.csv             -GM results/DIT_HAP/14_integrated_values/DIT_HAP.GMs.csv             -o results/DIT_HAP/15_curve_fitting/DIT_HAP.fitpoints7.predpoints9.LOWESS0.fatol5e-3.domain.csv             -fatol 5e-3             --use-weighted-M 1             -f points7             -p points9             --use-LOWESS 0
        
[Tue Apr 16 20:28:39 2024]
Finished job 93.
2 of 29 steps (7%) done
Select jobs to execute...
Execute 1 jobs...

[Tue Apr 16 20:28:39 2024]
localrule domain_level_curve_fitting:
    input: results/DIT_HAP/14_integrated_values/DIT_HAP.annotated_with_domains.csv, results/DIT_HAP/14_integrated_values/DIT_HAP.GMs.csv
    output: results/DIT_HAP/15_curve_fitting/DIT_HAP.fitpoints7.predpoints5.LOWESS0.fatol5e-3.domain.csv
    jobid: 79
    reason: Missing output files: results/DIT_HAP/15_curve_fitting/DIT_HAP.fitpoints7.predpoints5.LOWESS0.fatol5e-3.domain.csv
    wildcards: fitting=points7, prediction=points5, LOWESS=0, fatol=5e-3
    threads: 8
    resources: tmpdir=/tmp


        python workflow/scripts/depletion_curve_smoothing/domain_level_curve_fitting.py             -C 8             -anno results/DIT_HAP/14_integrated_values/DIT_HAP.annotated_with_domains.csv             -GM results/DIT_HAP/14_integrated_values/DIT_HAP.GMs.csv             -o results/DIT_HAP/15_curve_fitting/DIT_HAP.fitpoints7.predpoints5.LOWESS0.fatol5e-3.domain.csv             -fatol 5e-3             --use-weighted-M 1             -f points7             -p points5             --use-LOWESS 0
        
[Tue Apr 16 20:29:14 2024]
Finished job 91.
3 of 29 steps (10%) done
Select jobs to execute...
Execute 1 jobs...

[Tue Apr 16 20:29:14 2024]
localrule gene_level_curve_fitting:
    input: results/DIT_HAP/14_integrated_values/DIT_HAP.annotated_with_domains.csv, results/DIT_HAP/14_integrated_values/DIT_HAP.GMs.csv, results/DIT_HAP/15_curve_fitting/DIT_HAP.fitpoints7.predpoints13g.LOWESS0.fatol5e-3.domain.csv
    output: results/DIT_HAP/15_curve_fitting/DIT_HAP.fitpoints7.predpoints13g.LOWESS0.fatol5e-3.gene.csv
    jobid: 92
    reason: Missing output files: results/DIT_HAP/15_curve_fitting/DIT_HAP.fitpoints7.predpoints13g.LOWESS0.fatol5e-3.gene.csv; Input files updated by another job: results/DIT_HAP/15_curve_fitting/DIT_HAP.fitpoints7.predpoints13g.LOWESS0.fatol5e-3.domain.csv
    wildcards: fitting=points7, prediction=points13g, LOWESS=0, fatol=5e-3
    threads: 8
    resources: tmpdir=/tmp


        python workflow/scripts/depletion_curve_smoothing/gene_level_curve_fitting.py             -C 8             -anno results/DIT_HAP/14_integrated_values/DIT_HAP.annotated_with_domains.csv             -GM results/DIT_HAP/14_integrated_values/DIT_HAP.GMs.csv             -ddr results/DIT_HAP/15_curve_fitting/DIT_HAP.fitpoints7.predpoints13g.LOWESS0.fatol5e-3.domain.csv             -o results/DIT_HAP/15_curve_fitting/DIT_HAP.fitpoints7.predpoints13g.LOWESS0.fatol5e-3.gene.csv             -fatol 5e-3             --use-weighted-M 1             -f points7             -p points13g             --use-LOWESS 0
        
[Tue Apr 16 20:29:17 2024]
Finished job 85.
4 of 29 steps (14%) done
Select jobs to execute...
Execute 1 jobs...

[Tue Apr 16 20:29:17 2024]
localrule domain_level_curve_fitting:
    input: results/DIT_HAP/14_integrated_values/DIT_HAP.annotated_with_domains.csv, results/DIT_HAP/14_integrated_values/DIT_HAP.GMs.csv
    output: results/DIT_HAP/15_curve_fitting/DIT_HAP.fitpoints5.predpoints9g.LOWESS0.fatol5e-3.domain.csv
    jobid: 71
    reason: Missing output files: results/DIT_HAP/15_curve_fitting/DIT_HAP.fitpoints5.predpoints9g.LOWESS0.fatol5e-3.domain.csv
    wildcards: fitting=points5, prediction=points9g, LOWESS=0, fatol=5e-3
    threads: 8
    resources: tmpdir=/tmp


        python workflow/scripts/depletion_curve_smoothing/domain_level_curve_fitting.py             -C 8             -anno results/DIT_HAP/14_integrated_values/DIT_HAP.annotated_with_domains.csv             -GM results/DIT_HAP/14_integrated_values/DIT_HAP.GMs.csv             -o results/DIT_HAP/15_curve_fitting/DIT_HAP.fitpoints5.predpoints9g.LOWESS0.fatol5e-3.domain.csv             -fatol 5e-3             --use-weighted-M 1             -f points5             -p points9g             --use-LOWESS 0
        
[Tue Apr 16 20:39:52 2024]
Finished job 83.
5 of 29 steps (17%) done
Select jobs to execute...
Execute 1 jobs...

[Tue Apr 16 20:39:52 2024]
localrule gene_level_curve_fitting:
    input: results/DIT_HAP/14_integrated_values/DIT_HAP.annotated_with_domains.csv, results/DIT_HAP/14_integrated_values/DIT_HAP.GMs.csv, results/DIT_HAP/15_curve_fitting/DIT_HAP.fitpoints7.predpoints9.LOWESS0.fatol5e-3.domain.csv
    output: results/DIT_HAP/15_curve_fitting/DIT_HAP.fitpoints7.predpoints9.LOWESS0.fatol5e-3.gene.csv
    jobid: 84
    reason: Missing output files: results/DIT_HAP/15_curve_fitting/DIT_HAP.fitpoints7.predpoints9.LOWESS0.fatol5e-3.gene.csv; Input files updated by another job: results/DIT_HAP/15_curve_fitting/DIT_HAP.fitpoints7.predpoints9.LOWESS0.fatol5e-3.domain.csv
    wildcards: fitting=points7, prediction=points9, LOWESS=0, fatol=5e-3
    threads: 8
    resources: tmpdir=/tmp


        python workflow/scripts/depletion_curve_smoothing/gene_level_curve_fitting.py             -C 8             -anno results/DIT_HAP/14_integrated_values/DIT_HAP.annotated_with_domains.csv             -GM results/DIT_HAP/14_integrated_values/DIT_HAP.GMs.csv             -ddr results/DIT_HAP/15_curve_fitting/DIT_HAP.fitpoints7.predpoints9.LOWESS0.fatol5e-3.domain.csv             -o results/DIT_HAP/15_curve_fitting/DIT_HAP.fitpoints7.predpoints9.LOWESS0.fatol5e-3.gene.csv             -fatol 5e-3             --use-weighted-M 1             -f points7             -p points9             --use-LOWESS 0
        
[Tue Apr 16 20:40:39 2024]
Finished job 92.
6 of 29 steps (21%) done
Select jobs to execute...
Execute 1 jobs...

[Tue Apr 16 20:40:39 2024]
localrule domain_level_curve_fitting:
    input: results/DIT_HAP/14_integrated_values/DIT_HAP.annotated_with_domains.csv, results/DIT_HAP/14_integrated_values/DIT_HAP.GMs.csv
    output: results/DIT_HAP/15_curve_fitting/DIT_HAP.fitpoints7.predpoints9g.LOWESS1.fatol5e-3.domain.csv
    jobid: 89
    reason: Missing output files: results/DIT_HAP/15_curve_fitting/DIT_HAP.fitpoints7.predpoints9g.LOWESS1.fatol5e-3.domain.csv
    wildcards: fitting=points7, prediction=points9g, LOWESS=1, fatol=5e-3
    threads: 8
    resources: tmpdir=/tmp


        python workflow/scripts/depletion_curve_smoothing/domain_level_curve_fitting.py             -C 8             -anno results/DIT_HAP/14_integrated_values/DIT_HAP.annotated_with_domains.csv             -GM results/DIT_HAP/14_integrated_values/DIT_HAP.GMs.csv             -o results/DIT_HAP/15_curve_fitting/DIT_HAP.fitpoints7.predpoints9g.LOWESS1.fatol5e-3.domain.csv             -fatol 5e-3             --use-weighted-M 1             -f points7             -p points9g             --use-LOWESS 1
        
[Tue Apr 16 20:45:15 2024]
Finished job 65.
7 of 29 steps (24%) done
Select jobs to execute...
Execute 1 jobs...

[Tue Apr 16 20:45:15 2024]
localrule gene_level_curve_fitting:
    input: results/DIT_HAP/14_integrated_values/DIT_HAP.annotated_with_domains.csv, results/DIT_HAP/14_integrated_values/DIT_HAP.GMs.csv, results/DIT_HAP/15_curve_fitting/DIT_HAP.fitpoints5.predpoints5.LOWESS1.fatol5e-3.domain.csv
    output: results/DIT_HAP/15_curve_fitting/DIT_HAP.fitpoints5.predpoints5.LOWESS1.fatol5e-3.gene.csv
    jobid: 66
    reason: Missing output files: results/DIT_HAP/15_curve_fitting/DIT_HAP.fitpoints5.predpoints5.LOWESS1.fatol5e-3.gene.csv; Input files updated by another job: results/DIT_HAP/15_curve_fitting/DIT_HAP.fitpoints5.predpoints5.LOWESS1.fatol5e-3.domain.csv
    wildcards: fitting=points5, prediction=points5, LOWESS=1, fatol=5e-3
    threads: 8
    resources: tmpdir=/tmp


        python workflow/scripts/depletion_curve_smoothing/gene_level_curve_fitting.py             -C 8             -anno results/DIT_HAP/14_integrated_values/DIT_HAP.annotated_with_domains.csv             -GM results/DIT_HAP/14_integrated_values/DIT_HAP.GMs.csv             -ddr results/DIT_HAP/15_curve_fitting/DIT_HAP.fitpoints5.predpoints5.LOWESS1.fatol5e-3.domain.csv             -o results/DIT_HAP/15_curve_fitting/DIT_HAP.fitpoints5.predpoints5.LOWESS1.fatol5e-3.gene.csv             -fatol 5e-3             --use-weighted-M 1             -f points5             -p points5             --use-LOWESS 1
        
[Tue Apr 16 20:51:10 2024]
Finished job 84.
8 of 29 steps (28%) done
Select jobs to execute...
Execute 1 jobs...

[Tue Apr 16 20:51:10 2024]
localrule domain_level_curve_fitting:
    input: results/DIT_HAP/14_integrated_values/DIT_HAP.annotated_with_domains.csv, results/DIT_HAP/14_integrated_values/DIT_HAP.GMs.csv
    output: results/DIT_HAP/15_curve_fitting/DIT_HAP.fitpoints5.predpoints13g.LOWESS1.fatol5e-3.domain.csv
    jobid: 77
    reason: Missing output files: results/DIT_HAP/15_curve_fitting/DIT_HAP.fitpoints5.predpoints13g.LOWESS1.fatol5e-3.domain.csv
    wildcards: fitting=points5, prediction=points13g, LOWESS=1, fatol=5e-3
    threads: 8
    resources: tmpdir=/tmp


        python workflow/scripts/depletion_curve_smoothing/domain_level_curve_fitting.py             -C 8             -anno results/DIT_HAP/14_integrated_values/DIT_HAP.annotated_with_domains.csv             -GM results/DIT_HAP/14_integrated_values/DIT_HAP.GMs.csv             -o results/DIT_HAP/15_curve_fitting/DIT_HAP.fitpoints5.predpoints13g.LOWESS1.fatol5e-3.domain.csv             -fatol 5e-3             --use-weighted-M 1             -f points5             -p points13g             --use-LOWESS 1
        
[Tue Apr 16 20:57:03 2024]
Finished job 79.
9 of 29 steps (31%) done
Select jobs to execute...
Execute 1 jobs...

[Tue Apr 16 20:57:03 2024]
localrule gene_level_curve_fitting:
    input: results/DIT_HAP/14_integrated_values/DIT_HAP.annotated_with_domains.csv, results/DIT_HAP/14_integrated_values/DIT_HAP.GMs.csv, results/DIT_HAP/15_curve_fitting/DIT_HAP.fitpoints7.predpoints5.LOWESS0.fatol5e-3.domain.csv
    output: results/DIT_HAP/15_curve_fitting/DIT_HAP.fitpoints7.predpoints5.LOWESS0.fatol5e-3.gene.csv
    jobid: 80
    reason: Missing output files: results/DIT_HAP/15_curve_fitting/DIT_HAP.fitpoints7.predpoints5.LOWESS0.fatol5e-3.gene.csv; Input files updated by another job: results/DIT_HAP/15_curve_fitting/DIT_HAP.fitpoints7.predpoints5.LOWESS0.fatol5e-3.domain.csv
    wildcards: fitting=points7, prediction=points5, LOWESS=0, fatol=5e-3
    threads: 8
    resources: tmpdir=/tmp


        python workflow/scripts/depletion_curve_smoothing/gene_level_curve_fitting.py             -C 8             -anno results/DIT_HAP/14_integrated_values/DIT_HAP.annotated_with_domains.csv             -GM results/DIT_HAP/14_integrated_values/DIT_HAP.GMs.csv             -ddr results/DIT_HAP/15_curve_fitting/DIT_HAP.fitpoints7.predpoints5.LOWESS0.fatol5e-3.domain.csv             -o results/DIT_HAP/15_curve_fitting/DIT_HAP.fitpoints7.predpoints5.LOWESS0.fatol5e-3.gene.csv             -fatol 5e-3             --use-weighted-M 1             -f points7             -p points5             --use-LOWESS 0
        
[Tue Apr 16 20:57:44 2024]
Finished job 66.
10 of 29 steps (34%) done
Select jobs to execute...
Execute 1 jobs...

[Tue Apr 16 20:57:44 2024]
localrule gene_level_curve_fitting:
    input: results/DIT_HAP/14_integrated_values/DIT_HAP.annotated_with_domains.csv, results/DIT_HAP/14_integrated_values/DIT_HAP.GMs.csv, results/DIT_HAP/15_curve_fitting/DIT_HAP.fitpoints7.predpoints13g.LOWESS1.fatol5e-3.domain.csv
    output: results/DIT_HAP/15_curve_fitting/DIT_HAP.fitpoints7.predpoints13g.LOWESS1.fatol5e-3.gene.csv
    jobid: 94
    reason: Missing output files: results/DIT_HAP/15_curve_fitting/DIT_HAP.fitpoints7.predpoints13g.LOWESS1.fatol5e-3.gene.csv; Input files updated by another job: results/DIT_HAP/15_curve_fitting/DIT_HAP.fitpoints7.predpoints13g.LOWESS1.fatol5e-3.domain.csv
    wildcards: fitting=points7, prediction=points13g, LOWESS=1, fatol=5e-3
    threads: 8
    resources: tmpdir=/tmp


        python workflow/scripts/depletion_curve_smoothing/gene_level_curve_fitting.py             -C 8             -anno results/DIT_HAP/14_integrated_values/DIT_HAP.annotated_with_domains.csv             -GM results/DIT_HAP/14_integrated_values/DIT_HAP.GMs.csv             -ddr results/DIT_HAP/15_curve_fitting/DIT_HAP.fitpoints7.predpoints13g.LOWESS1.fatol5e-3.domain.csv             -o results/DIT_HAP/15_curve_fitting/DIT_HAP.fitpoints7.predpoints13g.LOWESS1.fatol5e-3.gene.csv             -fatol 5e-3             --use-weighted-M 1             -f points7             -p points13g             --use-LOWESS 1
        
[Tue Apr 16 21:06:35 2024]
Finished job 71.
11 of 29 steps (38%) done
Select jobs to execute...
Execute 1 jobs...

[Tue Apr 16 21:06:35 2024]
localrule gene_level_curve_fitting:
    input: results/DIT_HAP/14_integrated_values/DIT_HAP.annotated_with_domains.csv, results/DIT_HAP/14_integrated_values/DIT_HAP.GMs.csv, results/DIT_HAP/15_curve_fitting/DIT_HAP.fitpoints5.predpoints9g.LOWESS0.fatol5e-3.domain.csv
    output: results/DIT_HAP/15_curve_fitting/DIT_HAP.fitpoints5.predpoints9g.LOWESS0.fatol5e-3.gene.csv
    jobid: 72
    reason: Missing output files: results/DIT_HAP/15_curve_fitting/DIT_HAP.fitpoints5.predpoints9g.LOWESS0.fatol5e-3.gene.csv; Input files updated by another job: results/DIT_HAP/15_curve_fitting/DIT_HAP.fitpoints5.predpoints9g.LOWESS0.fatol5e-3.domain.csv
    wildcards: fitting=points5, prediction=points9g, LOWESS=0, fatol=5e-3
    threads: 8
    resources: tmpdir=/tmp


        python workflow/scripts/depletion_curve_smoothing/gene_level_curve_fitting.py             -C 8             -anno results/DIT_HAP/14_integrated_values/DIT_HAP.annotated_with_domains.csv             -GM results/DIT_HAP/14_integrated_values/DIT_HAP.GMs.csv             -ddr results/DIT_HAP/15_curve_fitting/DIT_HAP.fitpoints5.predpoints9g.LOWESS0.fatol5e-3.domain.csv             -o results/DIT_HAP/15_curve_fitting/DIT_HAP.fitpoints5.predpoints9g.LOWESS0.fatol5e-3.gene.csv             -fatol 5e-3             --use-weighted-M 1             -f points5             -p points9g             --use-LOWESS 0
        
[Tue Apr 16 21:09:35 2024]
Finished job 80.
12 of 29 steps (41%) done
Select jobs to execute...
Execute 1 jobs...

[Tue Apr 16 21:09:35 2024]
localrule domain_level_curve_fitting:
    input: results/DIT_HAP/14_integrated_values/DIT_HAP.annotated_with_domains.csv, results/DIT_HAP/14_integrated_values/DIT_HAP.GMs.csv
    output: results/DIT_HAP/15_curve_fitting/DIT_HAP.fitpoints7.predpoints5.LOWESS1.fatol5e-3.domain.csv
    jobid: 81
    reason: Missing output files: results/DIT_HAP/15_curve_fitting/DIT_HAP.fitpoints7.predpoints5.LOWESS1.fatol5e-3.domain.csv
    wildcards: fitting=points7, prediction=points5, LOWESS=1, fatol=5e-3
    threads: 8
    resources: tmpdir=/tmp


        python workflow/scripts/depletion_curve_smoothing/domain_level_curve_fitting.py             -C 8             -anno results/DIT_HAP/14_integrated_values/DIT_HAP.annotated_with_domains.csv             -GM results/DIT_HAP/14_integrated_values/DIT_HAP.GMs.csv             -o results/DIT_HAP/15_curve_fitting/DIT_HAP.fitpoints7.predpoints5.LOWESS1.fatol5e-3.domain.csv             -fatol 5e-3             --use-weighted-M 1             -f points7             -p points5             --use-LOWESS 1
        
[Tue Apr 16 21:12:21 2024]
Finished job 94.
13 of 29 steps (45%) done
Select jobs to execute...
Execute 1 jobs...

[Tue Apr 16 21:12:21 2024]
localrule gene_level_curve_fitting:
    input: results/DIT_HAP/14_integrated_values/DIT_HAP.annotated_with_domains.csv, results/DIT_HAP/14_integrated_values/DIT_HAP.GMs.csv, results/DIT_HAP/15_curve_fitting/DIT_HAP.fitpoints5.predpoints9.LOWESS0.fatol5e-3.domain.csv
    output: results/DIT_HAP/15_curve_fitting/DIT_HAP.fitpoints5.predpoints9.LOWESS0.fatol5e-3.gene.csv
    jobid: 68
    reason: Missing output files: results/DIT_HAP/15_curve_fitting/DIT_HAP.fitpoints5.predpoints9.LOWESS0.fatol5e-3.gene.csv
    wildcards: fitting=points5, prediction=points9, LOWESS=0, fatol=5e-3
    threads: 8
    resources: tmpdir=/tmp


        python workflow/scripts/depletion_curve_smoothing/gene_level_curve_fitting.py             -C 8             -anno results/DIT_HAP/14_integrated_values/DIT_HAP.annotated_with_domains.csv             -GM results/DIT_HAP/14_integrated_values/DIT_HAP.GMs.csv             -ddr results/DIT_HAP/15_curve_fitting/DIT_HAP.fitpoints5.predpoints9.LOWESS0.fatol5e-3.domain.csv             -o results/DIT_HAP/15_curve_fitting/DIT_HAP.fitpoints5.predpoints9.LOWESS0.fatol5e-3.gene.csv             -fatol 5e-3             --use-weighted-M 1             -f points5             -p points9             --use-LOWESS 0
        
[Tue Apr 16 21:12:45 2024]
Finished job 89.
14 of 29 steps (48%) done
Select jobs to execute...
Execute 1 jobs...

[Tue Apr 16 21:12:45 2024]
localrule domain_level_curve_fitting:
    input: results/DIT_HAP/14_integrated_values/DIT_HAP.annotated_with_domains.csv, results/DIT_HAP/14_integrated_values/DIT_HAP.GMs.csv
    output: results/DIT_HAP/15_curve_fitting/DIT_HAP.fitpoints5.predpoints5.LOWESS0.fatol5e-3.domain.csv
    jobid: 2
    reason: Missing output files: results/DIT_HAP/15_curve_fitting/DIT_HAP.fitpoints5.predpoints5.LOWESS0.fatol5e-3.domain.csv
    wildcards: fitting=points5, prediction=points5, LOWESS=0, fatol=5e-3
    threads: 8
    resources: tmpdir=/tmp


        python workflow/scripts/depletion_curve_smoothing/domain_level_curve_fitting.py             -C 8             -anno results/DIT_HAP/14_integrated_values/DIT_HAP.annotated_with_domains.csv             -GM results/DIT_HAP/14_integrated_values/DIT_HAP.GMs.csv             -o results/DIT_HAP/15_curve_fitting/DIT_HAP.fitpoints5.predpoints5.LOWESS0.fatol5e-3.domain.csv             -fatol 5e-3             --use-weighted-M 1             -f points5             -p points5             --use-LOWESS 0
        
[Tue Apr 16 21:18:00 2024]
Finished job 72.
15 of 29 steps (52%) done
Select jobs to execute...
Execute 1 jobs...

[Tue Apr 16 21:18:00 2024]
localrule gene_level_curve_fitting:
    input: results/DIT_HAP/14_integrated_values/DIT_HAP.annotated_with_domains.csv, results/DIT_HAP/14_integrated_values/DIT_HAP.GMs.csv, results/DIT_HAP/15_curve_fitting/DIT_HAP.fitpoints7.predpoints9.LOWESS1.fatol5e-3.domain.csv
    output: results/DIT_HAP/15_curve_fitting/DIT_HAP.fitpoints7.predpoints9.LOWESS1.fatol5e-3.gene.csv
    jobid: 86
    reason: Missing output files: results/DIT_HAP/15_curve_fitting/DIT_HAP.fitpoints7.predpoints9.LOWESS1.fatol5e-3.gene.csv; Input files updated by another job: results/DIT_HAP/15_curve_fitting/DIT_HAP.fitpoints7.predpoints9.LOWESS1.fatol5e-3.domain.csv
    wildcards: fitting=points7, prediction=points9, LOWESS=1, fatol=5e-3
    threads: 8
    resources: tmpdir=/tmp


        python workflow/scripts/depletion_curve_smoothing/gene_level_curve_fitting.py             -C 8             -anno results/DIT_HAP/14_integrated_values/DIT_HAP.annotated_with_domains.csv             -GM results/DIT_HAP/14_integrated_values/DIT_HAP.GMs.csv             -ddr results/DIT_HAP/15_curve_fitting/DIT_HAP.fitpoints7.predpoints9.LOWESS1.fatol5e-3.domain.csv             -o results/DIT_HAP/15_curve_fitting/DIT_HAP.fitpoints7.predpoints9.LOWESS1.fatol5e-3.gene.csv             -fatol 5e-3             --use-weighted-M 1             -f points7             -p points9             --use-LOWESS 1
        
[Tue Apr 16 21:24:17 2024]
Finished job 68.
16 of 29 steps (55%) done
Select jobs to execute...
Execute 1 jobs...

[Tue Apr 16 21:24:17 2024]
localrule domain_level_curve_fitting:
    input: results/DIT_HAP/14_integrated_values/DIT_HAP.annotated_with_domains.csv, results/DIT_HAP/14_integrated_values/DIT_HAP.GMs.csv
    output: results/DIT_HAP/15_curve_fitting/DIT_HAP.fitpoints5.predpoints9.LOWESS1.fatol5e-3.domain.csv
    jobid: 69
    reason: Missing output files: results/DIT_HAP/15_curve_fitting/DIT_HAP.fitpoints5.predpoints9.LOWESS1.fatol5e-3.domain.csv
    wildcards: fitting=points5, prediction=points9, LOWESS=1, fatol=5e-3
    threads: 8
    resources: tmpdir=/tmp


        python workflow/scripts/depletion_curve_smoothing/domain_level_curve_fitting.py             -C 8             -anno results/DIT_HAP/14_integrated_values/DIT_HAP.annotated_with_domains.csv             -GM results/DIT_HAP/14_integrated_values/DIT_HAP.GMs.csv             -o results/DIT_HAP/15_curve_fitting/DIT_HAP.fitpoints5.predpoints9.LOWESS1.fatol5e-3.domain.csv             -fatol 5e-3             --use-weighted-M 1             -f points5             -p points9             --use-LOWESS 1
        
[Tue Apr 16 21:32:28 2024]
Finished job 86.
17 of 29 steps (59%) done
Select jobs to execute...
Execute 1 jobs...

[Tue Apr 16 21:32:28 2024]
localrule gene_level_curve_fitting:
    input: results/DIT_HAP/14_integrated_values/DIT_HAP.annotated_with_domains.csv, results/DIT_HAP/14_integrated_values/DIT_HAP.GMs.csv, results/DIT_HAP/15_curve_fitting/DIT_HAP.fitpoints7.predpoints9g.LOWESS1.fatol5e-3.domain.csv
    output: results/DIT_HAP/15_curve_fitting/DIT_HAP.fitpoints7.predpoints9g.LOWESS1.fatol5e-3.gene.csv
    jobid: 90
    reason: Missing output files: results/DIT_HAP/15_curve_fitting/DIT_HAP.fitpoints7.predpoints9g.LOWESS1.fatol5e-3.gene.csv; Input files updated by another job: results/DIT_HAP/15_curve_fitting/DIT_HAP.fitpoints7.predpoints9g.LOWESS1.fatol5e-3.domain.csv
    wildcards: fitting=points7, prediction=points9g, LOWESS=1, fatol=5e-3
    threads: 8
    resources: tmpdir=/tmp


        python workflow/scripts/depletion_curve_smoothing/gene_level_curve_fitting.py             -C 8             -anno results/DIT_HAP/14_integrated_values/DIT_HAP.annotated_with_domains.csv             -GM results/DIT_HAP/14_integrated_values/DIT_HAP.GMs.csv             -ddr results/DIT_HAP/15_curve_fitting/DIT_HAP.fitpoints7.predpoints9g.LOWESS1.fatol5e-3.domain.csv             -o results/DIT_HAP/15_curve_fitting/DIT_HAP.fitpoints7.predpoints9g.LOWESS1.fatol5e-3.gene.csv             -fatol 5e-3             --use-weighted-M 1             -f points7             -p points9g             --use-LOWESS 1
        
[Tue Apr 16 21:43:56 2024]
Finished job 77.
18 of 29 steps (62%) done
Select jobs to execute...
Execute 1 jobs...

[Tue Apr 16 21:43:56 2024]
localrule domain_level_curve_fitting:
    input: results/DIT_HAP/14_integrated_values/DIT_HAP.annotated_with_domains.csv, results/DIT_HAP/14_integrated_values/DIT_HAP.GMs.csv
    output: results/DIT_HAP/15_curve_fitting/DIT_HAP.fitpoints5.predpoints9g.LOWESS1.fatol5e-3.domain.csv
    jobid: 73
    reason: Missing output files: results/DIT_HAP/15_curve_fitting/DIT_HAP.fitpoints5.predpoints9g.LOWESS1.fatol5e-3.domain.csv
    wildcards: fitting=points5, prediction=points9g, LOWESS=1, fatol=5e-3
    threads: 8
    resources: tmpdir=/tmp


        python workflow/scripts/depletion_curve_smoothing/domain_level_curve_fitting.py             -C 8             -anno results/DIT_HAP/14_integrated_values/DIT_HAP.annotated_with_domains.csv             -GM results/DIT_HAP/14_integrated_values/DIT_HAP.GMs.csv             -o results/DIT_HAP/15_curve_fitting/DIT_HAP.fitpoints5.predpoints9g.LOWESS1.fatol5e-3.domain.csv             -fatol 5e-3             --use-weighted-M 1             -f points5             -p points9g             --use-LOWESS 1
        
[Tue Apr 16 21:44:59 2024]
Finished job 90.
19 of 29 steps (66%) done
Select jobs to execute...
Execute 1 jobs...

[Tue Apr 16 21:44:59 2024]
localrule gene_level_curve_fitting:
    input: results/DIT_HAP/14_integrated_values/DIT_HAP.annotated_with_domains.csv, results/DIT_HAP/14_integrated_values/DIT_HAP.GMs.csv, results/DIT_HAP/15_curve_fitting/DIT_HAP.fitpoints5.predpoints13g.LOWESS1.fatol5e-3.domain.csv
    output: results/DIT_HAP/15_curve_fitting/DIT_HAP.fitpoints5.predpoints13g.LOWESS1.fatol5e-3.gene.csv
    jobid: 78
    reason: Missing output files: results/DIT_HAP/15_curve_fitting/DIT_HAP.fitpoints5.predpoints13g.LOWESS1.fatol5e-3.gene.csv; Input files updated by another job: results/DIT_HAP/15_curve_fitting/DIT_HAP.fitpoints5.predpoints13g.LOWESS1.fatol5e-3.domain.csv
    wildcards: fitting=points5, prediction=points13g, LOWESS=1, fatol=5e-3
    threads: 8
    resources: tmpdir=/tmp


        python workflow/scripts/depletion_curve_smoothing/gene_level_curve_fitting.py             -C 8             -anno results/DIT_HAP/14_integrated_values/DIT_HAP.annotated_with_domains.csv             -GM results/DIT_HAP/14_integrated_values/DIT_HAP.GMs.csv             -ddr results/DIT_HAP/15_curve_fitting/DIT_HAP.fitpoints5.predpoints13g.LOWESS1.fatol5e-3.domain.csv             -o results/DIT_HAP/15_curve_fitting/DIT_HAP.fitpoints5.predpoints13g.LOWESS1.fatol5e-3.gene.csv             -fatol 5e-3             --use-weighted-M 1             -f points5             -p points13g             --use-LOWESS 1
        
[Tue Apr 16 21:45:50 2024]
Finished job 2.
20 of 29 steps (69%) done
Select jobs to execute...
Execute 1 jobs...

[Tue Apr 16 21:45:50 2024]
localrule gene_level_curve_fitting:
    input: results/DIT_HAP/14_integrated_values/DIT_HAP.annotated_with_domains.csv, results/DIT_HAP/14_integrated_values/DIT_HAP.GMs.csv, results/DIT_HAP/15_curve_fitting/DIT_HAP.fitpoints5.predpoints5.LOWESS0.fatol5e-3.domain.csv
    output: results/DIT_HAP/15_curve_fitting/DIT_HAP.fitpoints5.predpoints5.LOWESS0.fatol5e-3.gene.csv
    jobid: 64
    reason: Missing output files: results/DIT_HAP/15_curve_fitting/DIT_HAP.fitpoints5.predpoints5.LOWESS0.fatol5e-3.gene.csv; Input files updated by another job: results/DIT_HAP/15_curve_fitting/DIT_HAP.fitpoints5.predpoints5.LOWESS0.fatol5e-3.domain.csv
    wildcards: fitting=points5, prediction=points5, LOWESS=0, fatol=5e-3
    threads: 8
    resources: tmpdir=/tmp


        python workflow/scripts/depletion_curve_smoothing/gene_level_curve_fitting.py             -C 8             -anno results/DIT_HAP/14_integrated_values/DIT_HAP.annotated_with_domains.csv             -GM results/DIT_HAP/14_integrated_values/DIT_HAP.GMs.csv             -ddr results/DIT_HAP/15_curve_fitting/DIT_HAP.fitpoints5.predpoints5.LOWESS0.fatol5e-3.domain.csv             -o results/DIT_HAP/15_curve_fitting/DIT_HAP.fitpoints5.predpoints5.LOWESS0.fatol5e-3.gene.csv             -fatol 5e-3             --use-weighted-M 1             -f points5             -p points5             --use-LOWESS 0
        
[Tue Apr 16 21:45:51 2024]
Finished job 81.
21 of 29 steps (72%) done
Select jobs to execute...
Execute 1 jobs...

[Tue Apr 16 21:45:51 2024]
localrule gene_level_curve_fitting:
    input: results/DIT_HAP/14_integrated_values/DIT_HAP.annotated_with_domains.csv, results/DIT_HAP/14_integrated_values/DIT_HAP.GMs.csv, results/DIT_HAP/15_curve_fitting/DIT_HAP.fitpoints7.predpoints5.LOWESS1.fatol5e-3.domain.csv
    output: results/DIT_HAP/15_curve_fitting/DIT_HAP.fitpoints7.predpoints5.LOWESS1.fatol5e-3.gene.csv
    jobid: 82
    reason: Missing output files: results/DIT_HAP/15_curve_fitting/DIT_HAP.fitpoints7.predpoints5.LOWESS1.fatol5e-3.gene.csv; Input files updated by another job: results/DIT_HAP/15_curve_fitting/DIT_HAP.fitpoints7.predpoints5.LOWESS1.fatol5e-3.domain.csv
    wildcards: fitting=points7, prediction=points5, LOWESS=1, fatol=5e-3
    threads: 8
    resources: tmpdir=/tmp


        python workflow/scripts/depletion_curve_smoothing/gene_level_curve_fitting.py             -C 8             -anno results/DIT_HAP/14_integrated_values/DIT_HAP.annotated_with_domains.csv             -GM results/DIT_HAP/14_integrated_values/DIT_HAP.GMs.csv             -ddr results/DIT_HAP/15_curve_fitting/DIT_HAP.fitpoints7.predpoints5.LOWESS1.fatol5e-3.domain.csv             -o results/DIT_HAP/15_curve_fitting/DIT_HAP.fitpoints7.predpoints5.LOWESS1.fatol5e-3.gene.csv             -fatol 5e-3             --use-weighted-M 1             -f points7             -p points5             --use-LOWESS 1
        
[Tue Apr 16 21:57:56 2024]
Finished job 78.
22 of 29 steps (76%) done
[Tue Apr 16 21:58:23 2024]
Finished job 64.
23 of 29 steps (79%) done
[Tue Apr 16 21:58:47 2024]
Finished job 82.
24 of 29 steps (83%) done
[Tue Apr 16 22:09:12 2024]
Finished job 69.
25 of 29 steps (86%) done
Select jobs to execute...
Execute 1 jobs...

[Tue Apr 16 22:09:12 2024]
localrule gene_level_curve_fitting:
    input: results/DIT_HAP/14_integrated_values/DIT_HAP.annotated_with_domains.csv, results/DIT_HAP/14_integrated_values/DIT_HAP.GMs.csv, results/DIT_HAP/15_curve_fitting/DIT_HAP.fitpoints5.predpoints9.LOWESS1.fatol5e-3.domain.csv
    output: results/DIT_HAP/15_curve_fitting/DIT_HAP.fitpoints5.predpoints9.LOWESS1.fatol5e-3.gene.csv
    jobid: 70
    reason: Missing output files: results/DIT_HAP/15_curve_fitting/DIT_HAP.fitpoints5.predpoints9.LOWESS1.fatol5e-3.gene.csv; Input files updated by another job: results/DIT_HAP/15_curve_fitting/DIT_HAP.fitpoints5.predpoints9.LOWESS1.fatol5e-3.domain.csv
    wildcards: fitting=points5, prediction=points9, LOWESS=1, fatol=5e-3
    threads: 8
    resources: tmpdir=/tmp


        python workflow/scripts/depletion_curve_smoothing/gene_level_curve_fitting.py             -C 8             -anno results/DIT_HAP/14_integrated_values/DIT_HAP.annotated_with_domains.csv             -GM results/DIT_HAP/14_integrated_values/DIT_HAP.GMs.csv             -ddr results/DIT_HAP/15_curve_fitting/DIT_HAP.fitpoints5.predpoints9.LOWESS1.fatol5e-3.domain.csv             -o results/DIT_HAP/15_curve_fitting/DIT_HAP.fitpoints5.predpoints9.LOWESS1.fatol5e-3.gene.csv             -fatol 5e-3             --use-weighted-M 1             -f points5             -p points9             --use-LOWESS 1
        
[Tue Apr 16 22:17:30 2024]
Finished job 70.
26 of 29 steps (90%) done
[Tue Apr 16 22:18:44 2024]
Finished job 73.
27 of 29 steps (93%) done
Select jobs to execute...
Execute 1 jobs...

[Tue Apr 16 22:18:44 2024]
localrule gene_level_curve_fitting:
    input: results/DIT_HAP/14_integrated_values/DIT_HAP.annotated_with_domains.csv, results/DIT_HAP/14_integrated_values/DIT_HAP.GMs.csv, results/DIT_HAP/15_curve_fitting/DIT_HAP.fitpoints5.predpoints9g.LOWESS1.fatol5e-3.domain.csv
    output: results/DIT_HAP/15_curve_fitting/DIT_HAP.fitpoints5.predpoints9g.LOWESS1.fatol5e-3.gene.csv
    jobid: 74
    reason: Missing output files: results/DIT_HAP/15_curve_fitting/DIT_HAP.fitpoints5.predpoints9g.LOWESS1.fatol5e-3.gene.csv; Input files updated by another job: results/DIT_HAP/15_curve_fitting/DIT_HAP.fitpoints5.predpoints9g.LOWESS1.fatol5e-3.domain.csv
    wildcards: fitting=points5, prediction=points9g, LOWESS=1, fatol=5e-3
    threads: 8
    resources: tmpdir=/tmp


        python workflow/scripts/depletion_curve_smoothing/gene_level_curve_fitting.py             -C 8             -anno results/DIT_HAP/14_integrated_values/DIT_HAP.annotated_with_domains.csv             -GM results/DIT_HAP/14_integrated_values/DIT_HAP.GMs.csv             -ddr results/DIT_HAP/15_curve_fitting/DIT_HAP.fitpoints5.predpoints9g.LOWESS1.fatol5e-3.domain.csv             -o results/DIT_HAP/15_curve_fitting/DIT_HAP.fitpoints5.predpoints9g.LOWESS1.fatol5e-3.gene.csv             -fatol 5e-3             --use-weighted-M 1             -f points5             -p points9g             --use-LOWESS 1
        
[Tue Apr 16 22:27:45 2024]
Finished job 74.
28 of 29 steps (97%) done
Select jobs to execute...
Execute 1 jobs...

[Tue Apr 16 22:27:45 2024]
localrule all:
    input: results/genome_intervals/nucletides_for_each_coding_region.bed, results/DIT_HAP/15_curve_fitting/DIT_HAP.fitpoints5.predpoints5.LOWESS0.fatol5e-3.domain.csv, results/DIT_HAP/15_curve_fitting/DIT_HAP.fitpoints5.predpoints5.LOWESS0.fatol5e-3.gene.csv, results/DIT_HAP/15_curve_fitting/DIT_HAP.fitpoints5.predpoints5.LOWESS1.fatol5e-3.domain.csv, results/DIT_HAP/15_curve_fitting/DIT_HAP.fitpoints5.predpoints5.LOWESS1.fatol5e-3.gene.csv, results/DIT_HAP/15_curve_fitting/DIT_HAP.fitpoints5.predpoints9.LOWESS0.fatol5e-3.domain.csv, results/DIT_HAP/15_curve_fitting/DIT_HAP.fitpoints5.predpoints9.LOWESS0.fatol5e-3.gene.csv, results/DIT_HAP/15_curve_fitting/DIT_HAP.fitpoints5.predpoints9.LOWESS1.fatol5e-3.domain.csv, results/DIT_HAP/15_curve_fitting/DIT_HAP.fitpoints5.predpoints9.LOWESS1.fatol5e-3.gene.csv, results/DIT_HAP/15_curve_fitting/DIT_HAP.fitpoints5.predpoints9g.LOWESS0.fatol5e-3.domain.csv, results/DIT_HAP/15_curve_fitting/DIT_HAP.fitpoints5.predpoints9g.LOWESS0.fatol5e-3.gene.csv, results/DIT_HAP/15_curve_fitting/DIT_HAP.fitpoints5.predpoints9g.LOWESS1.fatol5e-3.domain.csv, results/DIT_HAP/15_curve_fitting/DIT_HAP.fitpoints5.predpoints9g.LOWESS1.fatol5e-3.gene.csv, results/DIT_HAP/15_curve_fitting/DIT_HAP.fitpoints5.predpoints13g.LOWESS0.fatol5e-3.domain.csv, results/DIT_HAP/15_curve_fitting/DIT_HAP.fitpoints5.predpoints13g.LOWESS0.fatol5e-3.gene.csv, results/DIT_HAP/15_curve_fitting/DIT_HAP.fitpoints5.predpoints13g.LOWESS1.fatol5e-3.domain.csv, results/DIT_HAP/15_curve_fitting/DIT_HAP.fitpoints5.predpoints13g.LOWESS1.fatol5e-3.gene.csv, results/DIT_HAP/15_curve_fitting/DIT_HAP.fitpoints7.predpoints5.LOWESS0.fatol5e-3.domain.csv, results/DIT_HAP/15_curve_fitting/DIT_HAP.fitpoints7.predpoints5.LOWESS0.fatol5e-3.gene.csv, results/DIT_HAP/15_curve_fitting/DIT_HAP.fitpoints7.predpoints5.LOWESS1.fatol5e-3.domain.csv, results/DIT_HAP/15_curve_fitting/DIT_HAP.fitpoints7.predpoints5.LOWESS1.fatol5e-3.gene.csv, results/DIT_HAP/15_curve_fitting/DIT_HAP.fitpoints7.predpoints9.LOWESS0.fatol5e-3.domain.csv, results/DIT_HAP/15_curve_fitting/DIT_HAP.fitpoints7.predpoints9.LOWESS0.fatol5e-3.gene.csv, results/DIT_HAP/15_curve_fitting/DIT_HAP.fitpoints7.predpoints9.LOWESS1.fatol5e-3.domain.csv, results/DIT_HAP/15_curve_fitting/DIT_HAP.fitpoints7.predpoints9.LOWESS1.fatol5e-3.gene.csv, results/DIT_HAP/15_curve_fitting/DIT_HAP.fitpoints7.predpoints9g.LOWESS0.fatol5e-3.domain.csv, results/DIT_HAP/15_curve_fitting/DIT_HAP.fitpoints7.predpoints9g.LOWESS0.fatol5e-3.gene.csv, results/DIT_HAP/15_curve_fitting/DIT_HAP.fitpoints7.predpoints9g.LOWESS1.fatol5e-3.domain.csv, results/DIT_HAP/15_curve_fitting/DIT_HAP.fitpoints7.predpoints9g.LOWESS1.fatol5e-3.gene.csv, results/DIT_HAP/15_curve_fitting/DIT_HAP.fitpoints7.predpoints13g.LOWESS0.fatol5e-3.domain.csv, results/DIT_HAP/15_curve_fitting/DIT_HAP.fitpoints7.predpoints13g.LOWESS0.fatol5e-3.gene.csv, results/DIT_HAP/15_curve_fitting/DIT_HAP.fitpoints7.predpoints13g.LOWESS1.fatol5e-3.domain.csv, results/DIT_HAP/15_curve_fitting/DIT_HAP.fitpoints7.predpoints13g.LOWESS1.fatol5e-3.gene.csv
    jobid: 0
    reason: Input files updated by another job: results/DIT_HAP/15_curve_fitting/DIT_HAP.fitpoints7.predpoints13g.LOWESS0.fatol5e-3.domain.csv, results/DIT_HAP/15_curve_fitting/DIT_HAP.fitpoints5.predpoints9g.LOWESS0.fatol5e-3.domain.csv, results/DIT_HAP/15_curve_fitting/DIT_HAP.fitpoints7.predpoints9g.LOWESS1.fatol5e-3.domain.csv, results/DIT_HAP/15_curve_fitting/DIT_HAP.fitpoints5.predpoints13g.LOWESS0.fatol5e-3.gene.csv, results/DIT_HAP/15_curve_fitting/DIT_HAP.fitpoints7.predpoints13g.LOWESS0.fatol5e-3.gene.csv, results/DIT_HAP/15_curve_fitting/DIT_HAP.fitpoints5.predpoints5.LOWESS0.fatol5e-3.gene.csv, results/DIT_HAP/15_curve_fitting/DIT_HAP.fitpoints7.predpoints5.LOWESS0.fatol5e-3.domain.csv, results/DIT_HAP/15_curve_fitting/DIT_HAP.fitpoints5.predpoints5.LOWESS1.fatol5e-3.gene.csv, results/DIT_HAP/15_curve_fitting/DIT_HAP.fitpoints7.predpoints9.LOWESS1.fatol5e-3.gene.csv, results/DIT_HAP/15_curve_fitting/DIT_HAP.fitpoints7.predpoints5.LOWESS1.fatol5e-3.gene.csv, results/DIT_HAP/15_curve_fitting/DIT_HAP.fitpoints7.predpoints13g.LOWESS1.fatol5e-3.gene.csv, results/DIT_HAP/15_curve_fitting/DIT_HAP.fitpoints7.predpoints9.LOWESS0.fatol5e-3.gene.csv, results/DIT_HAP/15_curve_fitting/DIT_HAP.fitpoints7.predpoints5.LOWESS0.fatol5e-3.gene.csv, results/DIT_HAP/15_curve_fitting/DIT_HAP.fitpoints7.predpoints9.LOWESS1.fatol5e-3.domain.csv, results/DIT_HAP/15_curve_fitting/DIT_HAP.fitpoints7.predpoints9g.LOWESS1.fatol5e-3.gene.csv, results/DIT_HAP/15_curve_fitting/DIT_HAP.fitpoints5.predpoints9.LOWESS1.fatol5e-3.gene.csv, results/DIT_HAP/15_curve_fitting/DIT_HAP.fitpoints7.predpoints13g.LOWESS1.fatol5e-3.domain.csv, results/DIT_HAP/15_curve_fitting/DIT_HAP.fitpoints5.predpoints9g.LOWESS0.fatol5e-3.gene.csv, results/DIT_HAP/15_curve_fitting/DIT_HAP.fitpoints7.predpoints5.LOWESS1.fatol5e-3.domain.csv, results/DIT_HAP/15_curve_fitting/DIT_HAP.fitpoints5.predpoints5.LOWESS0.fatol5e-3.domain.csv, results/DIT_HAP/15_curve_fitting/DIT_HAP.fitpoints5.predpoints9.LOWESS1.fatol5e-3.domain.csv, results/DIT_HAP/15_curve_fitting/DIT_HAP.fitpoints5.predpoints9g.LOWESS1.fatol5e-3.gene.csv, results/DIT_HAP/15_curve_fitting/DIT_HAP.fitpoints5.predpoints9g.LOWESS1.fatol5e-3.domain.csv, results/DIT_HAP/15_curve_fitting/DIT_HAP.fitpoints7.predpoints9.LOWESS0.fatol5e-3.domain.csv, results/DIT_HAP/15_curve_fitting/DIT_HAP.fitpoints5.predpoints9.LOWESS0.fatol5e-3.gene.csv, results/DIT_HAP/15_curve_fitting/DIT_HAP.fitpoints5.predpoints13g.LOWESS1.fatol5e-3.domain.csv, results/DIT_HAP/15_curve_fitting/DIT_HAP.fitpoints5.predpoints5.LOWESS1.fatol5e-3.domain.csv, results/DIT_HAP/15_curve_fitting/DIT_HAP.fitpoints5.predpoints13g.LOWESS1.fatol5e-3.gene.csv
    resources: tmpdir=/tmp

[Tue Apr 16 22:27:45 2024]
Finished job 0.
29 of 29 steps (100%) done
Complete log: .snakemake/log/2024-04-16T195541.806565.snakemake.log
